@---- OPTIMA HEADER -------------
@ file          : 0:OPTI0077/00012777.log
@ serial no.: 77. firmware ver.: 2.56
@ counter  #12777 

@ startup
@ system date     : #25.12.2014
@ system time     : #13:25:46
@------------------------------------
@время; глуб.; натяж.; ДВП; Uтек; клав; F; режим; ход; (ошиб); хеш
@------------------------------------

@ startup
@ system date     : #25.12.2014
@ system time     : #13:29:05
@------------------------------------
@время; глуб.; натяж.; ДВП; Uтек; клав; F; режим; ход; (ошиб); хеш
@------------------------------------

13:29:55; 0000; +2.9; 0; 224; 02; 1; 0; D; 242D
13:29:57; 0001; +2.9; 0; 226; 02; 1; 0; D; BE2D
13:29:59; 0000; +2.8; 0; 226; 02; 1; 0; D; 49F1
13:30:01; 0003; +3.0; 0; 224; 02; 1; 0; D; 49ED
13:30:02; 0004; +2.9; 0; 222; 02; 1; 0; D; 4D6C
13:30:04; 0002; +2.9; 0; 222; 02; 1; 0; D; 01EC
13:30:06; 0001; +2.9; 0; 226; 02; 1; 0; D; 396F
13:30:08; 0000; +2.7; 0; 226; 02; 1; 0; D; 0EC2
13:30:10; 0006; +2.7; 0; 226; 02; 1; 0; D; B0DF
13:30:11; 0010; +2.9; 0; 226; 02; 1; 0; D; 3832
@ startup
@ system date     : #25.12.2014
@ system time     : #13:31:53
@------------------------------------
@время; глуб.; натяж.; ДВП; Uтек; клав; F; режим; ход; (ошиб); хеш
@------------------------------------

@ startup
@ system date     : #25.12.2014
@ system time     : #13:34:25
@------------------------------------
@время; глуб.; натяж.; ДВП; Uтек; клав; F; режим; ход; (ошиб); хеш
@------------------------------------

@ startup
@ system date     : #25.12.2014
@ system time     : #13:34:46
@------------------------------------
@время; глуб.; натяж.; ДВП; Uтек; клав; F; режим; ход; (ошиб); хеш
@------------------------------------

13:34:50; 0000; +2.9; 0; 227; 00; 1; 2; D; A09A
13:34:51; 0000; +3.0; 0; 228; 00; 1; 2; D; 095C
13:34:52; 0000; +2.9; 0; 228; 00; 1; 2; D; AF5E
13:34:53; 0000; +3.1; 0; 230; 00; 1; 2; D; 31D6
13:34:54; 0000; +3.0; 0; 230; 00; 1; 2; D; 35CA
13:34:55; 0000; +2.9; 0; 231; 00; 1; 2; D; F888
13:34:56; 0000; +3.0; 0; 230; 00; 1; 2; D; CE4B
13:34:57; 0000; +3.0; 0; 231; 00; 1; 2; D; 834B
13:34:58; 0000; +2.9; 0; 228; 00; 1; 2; D; 7ADE
13:34:59; 0000; +3.0; 0; 229; 00; 1; 2; D; B79C
13:35:00; 0000; +2.9; 0; 229; 00; 1; 2; D; 387C
13:35:01; 0000; +2.9; 0; 229; 00; 1; 2; D; E5BD
13:35:02; 0000; +3.0; 0; 230; 00; 1; 2; D; 8528
13:35:03; 0000; +3.0; 0; 231; 00; 1; 2; D; C828
13:35:04; 0000; +2.8; 0; 232; 00; 1; 2; D; BD36
13:35:05; 0000; +2.9; 0; 231; 00; 1; 2; D; 04EA
13:35:06; 0000; +3.0; 0; 232; 00; 1; 2; D; 53A8
13:35:07; 0000; +2.9; 0; 230; 00; 1; 2; D; 6FAA
13:35:08; 0000; +3.0; 0; 227; 00; 1; 2; D; F2BB
13:35:09; 0000; +3.1; 0; 226; 00; 1; 2; D; 2AE6
13:35:11; 0000; +3.0; 0; 227; 00; 0; 2; D; 016A
13:35:12; 0000; +3.1; 0; 226; 00; 0; 2; D; 22B6
13:35:13; 0000; +3.0; 0; 227; 00; 0; 2; D; FAEB
13:35:14; 0000; +3.0; 0; 227; 00; 0; 2; D; 6BAA
13:35:15; 0000; +3.0; 0; 228; 100; 0; 2; D; A217
13:35:16; 0000; +3.0; 0; 227; 00; 0; 2; D; 902B
13:35:17; 0000; +3.0; 0; 227; 00; 0; 2; D; 4DEA
13:35:18; 0000; +3.1; 0; 226; 00; 0; 2; D; F736
13:35:19; 0000; +3.0; 0; 226; 00; 0; 2; D; BFAA
13:35:20; 0000; +2.9; 0; 225; 00; 0; 2; D; CD4F
13:35:21; 0000; +3.0; 0; 226; 00; 0; 2; D; 618C
13:35:22; 0000; +3.0; 0; 226; 100; 0; 2; D; EB92
13:35:23; 0000; +3.0; 0; 228; 00; 0; 2; D; FE89
13:35:24; 0000; +3.1; 0; 228; 00; 0; 2; D; FA95
13:35:25; 0000; +3.0; 0; 228; 00; 0; 2; D; B209
13:35:26; 0000; +3.0; 0; 228; 00; 0; 2; D; 9449
13:35:27; 0000; +3.1; 0; 228; 00; 0; 2; D; DCD5
13:35:28; 0000; +3.0; 0; 226; 00; 0; 2; D; 924C
13:35:29; 0000; +2.8; 0; 227; 00; 0; 2; D; CA53
13:35:30; 0000; +2.7; 0; 226; 00; 0; 2; D; F93F
13:35:31; 0000; +2.7; 0; 226; 10; 0; 2; D; A5FC
13:35:32; 0000; +2.9; 0; 226; 10; 0; 2; D; D690
13:35:33; 0000; +3.0; 0; 228; 100; 0; 2; D; D17B
13:35:34; 0000; +3.1; 0; 229; 100; 0; 2; D; 882F
13:35:35; 0000; +2.9; 0; 228; 00; 0; 2; D; A257
13:35:36; 0007; +2.9; 0; 229; 00; 0; 2; D; E4D2
13:35:37; 0005; +3.0; 0; 228; 00; 0; 2; D; 8992
13:35:38; 0006; +3.0; 0; 226; 00; 0; 2; D; A255
13:35:39; 0008; +2.9; 0; 226; 00; 0; 2; D; 5FDD
13:35:40; 0009; +2.9; 0; 226; 00; 0; 2; D; CC4D
13:35:41; 0012; +3.0; 0; 226; 00; 3; 2; S; 55F6
13:35:42; 0012; +2.9; 0; 226; 00; 3; 2; S; F3F4
13:35:43; 0012; +2.9; 0; 227; 00; 3; 2; S; BEF4
13:35:44; 0012; +2.9; 0; 228; 00; 3; 2; S; DBF0
13:35:46; 0012; +2.9; 0; 228; 00; 3; 2; U; 2191
13:35:46; 0012; +2.9; 0; 228; 00; 3; 2; U; 2191
13:35:46; 0012; +2.9; 0; 228; 00; 3; 2; U; 2191
13:35:47; 0008; +3.0; 0; 227; 00; 3; 2; U; E8CA
13:35:48; 0005; +3.0; 0; 226; 00; 3; 2; U; 9743
13:35:49; 0002; +2.9; 0; 226; 00; 3; 2; U; 3AC4
13:35:50; 0000; +2.9; 0; 226; 00; 3; 2; U; F91A
13:35:51; 0000; +3.0; 0; 226; 00; 3; 2; U; A499
13:35:52; 0000; +2.8; 0; 225; 00; 3; 2; U; 6686
13:35:53; 0001; +2.9; 0; 227; 00; 3; 2; U; 1F9A
13:35:54; 0000; +3.0; 0; 227; 00; 3; 2; U; 5E98
13:35:55; 0000; +2.8; 0; 227; 00; 3; 2; U; 9646
13:35:56; 0000; +2.9; 0; 227; 00; 3; 2; U; 255B
13:35:57; 0000; +2.9; 0; 227; 00; 3; 2; U; F89A
13:35:58; 0000; +2.8; 0; 226; 00; 3; 2; U; 4246
13:35:59; 0000; +2.7; 0; 226; 00; 3; 2; U; 5FF6
13:36:00; 0000; +3.0; 0; 227; 00; 3; 2; U; 0DE8
13:36:01; 0000; +2.7; +1; 226; 00; 1; 2; S; 73DE
13:36:02; 0000; +2.6; +1; 227; 00; 1; 2; S; EA6C
13:36:03; 0000; +2.7; +1; 229; 00; 1; 2; S; E7A0
13:36:04; 0000; +2.7; +1; 229; 00; 1; 2; S; D7F1
13:36:06; 0000; +2.8; +1; 229; 00; 1; 2; D; 977A
13:36:06; 0000; +2.8; +1; 228; 00; 1; 2; D; 07BB
13:36:06; 0000; +2.8; +1; 229; 00; 1; 2; D; 977A
13:36:07; 0000; +2.8; 0; 229; 00; 1; 2; D; 887B
13:36:08; 0000; +2.6; 0; 226; 00; 1; 2; D; 9652
13:36:09; 0000; +2.8; 0; 226; 00; 1; 2; D; 1EBF
13:36:10; 0009; +3.0; 0; 226; 00; 1; 2; D; 3873
13:36:11; 0009; +2.9; 0; 226; 00; 1; 2; D; 65F0
13:36:12; 0027; +2.9; 0; 226; 00; 1; 2; D; 229A
13:36:13; 0044; +3.0; 0; 228; 00; 1; 2; D; E8FE
13:36:14; 0055; +2.9; 0; 228; 00; 1; 2; D; 696D
13:36:15; 0061; +2.9; 0; 229; 00; 1; 2; D; 25DA
13:36:16; 0068; +3.0; 0; 228; 00; 1; 2; D; 4316
13:36:17; 0074; +3.0; 0; 228; 00; 1; 2; D; 5E4F
13:36:18; 0074; +2.9; 0; 227; 00; 1; 2; D; 9508
13:36:19; 0074; +3.2; 0; 227; 100; 1; 2; D; 3EAA
13:36:20; 0074; +3.2; 0; 226; 00; 1; 2; D; 3114
13:36:21; 0075; +3.1; 0; 226; 00; 1; 2; D; 4330
13:36:22; 0075; +3.2; 0; 227; 10; 1; 2; D; 8B57
13:36:23; 0075; +3.3; 0; 227; 10; 1; 2; D; C3CB
13:36:24; 0075; +3.2; 0; 229; 00; 1; 2; D; 2251
13:36:25; 0075; +3.2; 0; 228; 10; 1; 2; D; EE53
13:36:26; 0075; +3.3; 0; 228; 10; 1; 2; D; 5D4E
13:36:27; 0075; +3.1; 0; 229; 00; 1; 2; D; FBF5
13:36:28; 0075; +3.2; 0; 229; 00; 1; 2; D; BB51
13:36:29; 0079; +3.3; 0; 226; 00; 1; 2; D; 0781
13:36:30; 0082; +3.1; 0; 226; 00; 1; 2; D; F999
13:36:31; 0085; +3.2; 0; 226; 00; 1; 2; D; 2BB8
13:36:32; 0090; +3.3; 0; 227; 00; 1; 2; D; 98F3
13:36:33; 0094; +3.2; 0; 227; 00; 1; 2; D; D068
13:36:34; 0097; +3.2; 0; 230; 00; 1; 2; D; 1339
13:36:35; 0097; +3.2; 0; 229; 00; 1; 2; D; 086F
13:36:36; 0098; +3.1; 0; 230; 00; 1; 2; D; E756
13:36:37; 0100; +3.2; 0; 230; 00; 2; 2; S; 99C8
13:36:38; 0100; +3.3; 0; 229; 00; 2; 2; S; 7542
13:36:39; 0100; +3.2; 0; 226; 00; 2; 2; S; C99B
13:36:40; 0100; +3.3; 0; 226; 00; 2; 2; S; 9F57
13:36:42; 0100; +3.2; 0; 226; 00; 2; 2; D; F53B
13:36:42; 0100; +3.2; 0; 226; 00; 2; 2; D; F53B
13:36:42; 0100; +3.2; 0; 223; 00; 2; 2; D; A6F8
13:36:43; 0102; +3.3; 0; 223; 00; 2; 2; D; 4E66
13:36:44; 0104; +3.4; 0; 222; 00; 2; 2; D; C575
13:36:45; 0116; +3.2; 0; 225; 00; 2; 2; D; F5AE