@ startup
@ system date     : #08.10.2014
@ system time     : #13:19:47
@------------------------------------
@время; глуб.; натяж.; ДВП; Uтек; клав; F; режим; ход; (ошиб); хеш
@------------------------------------

13:22:54; 0000; +14.8; +1; 225; 20; 1; 0; S; D94A
13:22:54; 0000; +15.0; +1; 225; 20; 1; 0; S; 111E
13:22:55; 0000; +15.1; +1; 225; 00; 1; 0; S; 63DC
13:22:56; 0000; +15.1; +1; 232; 00; 1; 0; S; DB7F
13:22:57; 0000; +15.1; +1; 232; 00; 1; 0; S; 12EE
13:22:58; 0000; +15.1; +1; 231; 00; 1; 0; S; 93DE
13:22:59; 0000; +15.2; +1; 232; 00; 1; 0; S; E0F0
13:23:00; 0000; +15.1; +1; 232; 00; 1; 0; S; CF36
13:23:01; 0000; +15.1; +1; 232; 00; 1; 0; S; 06A7
13:23:02; 0000; +15.1; +1; 232; 00; 1; 0; S; 1C17
13:23:03; 0000; +15.1; +1; 231; 00; 1; 0; S; 24C6
13:23:04; 0000; +15.1; +1; 225; 00; 1; 0; S; 8B64
13:23:05; 0000; +15.2; +1; 225; 00; 1; 0; S; 090A
13:23:06; 0000; +15.2; +1; 225; 00; 1; 0; S; 13BA
13:23:07; 0000; +15.1; +1; 225; 00; 1; 0; S; 91D4
13:23:08; 0000; +15.2; +1; 224; 00; 1; 1; S; EB9B
13:23:09; 0000; +15.1; +1; 225; 00; 1; 1; S; F934
13:23:10; 0000; +15.2; +1; 225; 00; 1; 1; S; 5BD3
13:23:11; 0000; +15.0; +1; 225; 02; 1; 1; D; E3A0
13:23:12; 0000; +12.9; +1; 232; 00; 1; 1; D; 63FB
13:23:13; 0000; +14.9; +1; 232; 00; 1; 1; D; 646B
13:23:14; 0000; +11.9; +1; 231; 00; 1; 1; D; 60DA
13:23:15; 0000; +12.7; +1; 232; 00; 1; 1; D; 425E
13:23:16; 0000; +11.3; +1; 232; 00; 1; 1; D; BABA
13:23:17; 0000; +10.2; +1; 232; 00; 1; 1; D; 0881
13:23:18; 0001; +9.3; +1; 231; 00; 1; 1; D; AB3E
13:23:19; 0001; +9.1; +1; 232; 00; 1; 1; D; 78C9
13:23:20; 0001; +9.1; +1; 227; 00; 1; 1; D; F118
13:23:21; 0001; +9.0; +1; 225; 00; 1; 1; D; F9D1
13:23:22; 0001; +9.2; +1; 225; 00; 1; 1; D; BB5D
13:23:23; 0001; +9.0; +1; 225; 00; 1; 1; D; 99EA
13:23:24; 0001; +9.0; +1; 225; 00; 1; 1; D; A9BB
13:23:25; 0001; +9.1; +1; 225; 00; 1; 1; D; C0F3
13:23:26; 0001; +8.9; +1; 225; 00; 1; 1; D; F880
13:23:27; 0001; +9.0; +1; 225; 00; 1; 1; D; 599C
13:23:28; 0001; +8.9; +1; 232; 00; 1; 1; D; 3A31
13:23:29; 0001; +8.8; +1; 231; 00; 1; 1; D; A239
13:23:30; 0001; +8.9; +1; 232; 00; 1; 1; D; 334F
13:23:31; 0001; +8.9; +1; 232; 00; 1; 1; D; A353
13:23:32; 0001; +8.9; +1; 232; 00; 1; 1; D; 5374
13:23:33; 0001; +8.8; +1; 231; 00; 1; 1; D; CB7C
13:23:34; 0001; +8.8; +1; 231; 00; 1; 1; D; FB2D
13:23:35; 0001; +8.8; +1; 232; 00; 1; 1; D; 9A71
13:23:36; 0001; +8.7; +1; 229; 00; 1; 1; D; E940
13:23:37; 0001; +8.8; +1; 225; 00; 1; 1; D; 5859
13:23:38; 0001; +8.8; +1; 225; 00; 1; 1; D; A8E7
13:23:39; 0001; +8.8; +1; 225; 00; 1; 1; D; 38FB
13:23:40; 0001; +9.0; +1; 225; 00; 1; 1; D; 5CAD
13:23:41; 0001; +9.4; +1; 225; 00; 1; 1; D; E9E4
13:23:42; 0002; +9.4; +1; 225; 00; 1; 1; D; 1873
13:23:43; 0002; +9.0; +1; 225; 00; 1; 1; D; AD3A
13:23:44; 0002; +9.1; +1; 228; 00; 1; 1; D; F1FB
13:23:45; 0002; +9.2; +1; 232; 00; 1; 1; D; 1DCF
13:23:46; 0002; +9.1; +1; 232; 00; 1; 1; D; A617
13:23:47; 0002; +9.2; +1; 232; 00; 1; 1; D; 7DF4
13:23:48; 0002; +9.6; +1; 232; 00; 1; 1; D; A81F
13:23:49; 0002; +10.5; +1; 232; 00; 1; 1; D; 5BE5
13:23:50; 0002; +10.7; +1; 231; 00; 1; 1; D; F116
13:23:51; 0003; +11.2; +1; 231; 00; 1; 1; D; CA79
13:23:52; 0003; +11.4; +1; 226; 00; 1; 1; D; E524
13:23:53; 0003; +11.7; +1; 225; 00; 1; 1; D; 960A
13:23:54; 0003; +12.0; +1; 225; 00; 1; 1; D; C350
13:23:55; 0003; +12.0; +1; 225; 00; 1; 1; D; 0AC1
13:23:56; 0004; +11.9; +1; 225; 00; 1; 1; D; E08C
13:23:57; 0004; +12.4; +1; 225; 00; 1; 1; D; 78B7
13:23:58; 0004; +12.6; +1; 225; 00; 1; 1; D; BA6C
13:23:59; 0004; +12.6; +1; 225; 00; 1; 1; D; 73FD
13:24:00; 0004; +11.8; +1; 226; 00; 1; 1; D; B2C6
13:24:01; 0005; +11.8; +1; 231; 00; 1; 1; D; 7545
13:24:02; 0005; +12.5; +1; 232; 00; 1; 1; D; CF1F
13:24:03; 0005; +12.3; +1; 232; 00; 1; 1; D; 9170
13:24:04; 0005; +12.4; +1; 232; 00; 1; 1; D; 032B
13:24:05; 0005; +12.3; +1; 231; 00; 1; 1; D; 5550
13:24:06; 0006; +12.7; +1; 232; 00; 1; 1; D; 2FF5
13:24:07; 0006; +12.3; +1; 227; 00; 1; 1; D; 00A3
13:24:08; 0006; +13.2; +1; 225; 00; 1; 1; D; 6AF8
13:24:09; 0006; +12.1; +1; 225; 00; 1; 1; D; 6A68
13:24:10; 0006; +12.8; +1; 225; 00; 1; 1; D; 308E
13:24:11; 0007; +11.8; +1; 225; 00; 1; 1; D; 921F
13:24:12; 0007; +13.3; +1; 225; 00; 1; 1; D; CC05
13:24:13; 0007; +12.2; +1; 225; 00; 1; 1; D; 7E3E
13:24:14; 0007; +12.6; +1; 225; 00; 1; 1; D; A79A
13:24:15; 0007; +12.2; +1; 231; 00; 1; 1; D; 180D
13:24:16; 0008; +12.5; +1; 233; 00; 1; 1; D; E990
13:24:17; 0008; +11.9; +1; 232; 00; 1; 1; D; 183E
13:24:18; 0008; +11.9; +1; 231; 00; 1; 1; D; 990E
13:24:19; 0008; +11.9; +1; 232; 00; 1; 1; D; A1DF
13:24:20; 0008; +11.8; +1; 233; 00; 1; 1; D; 3941
13:24:21; 0009; +12.1; +1; 232; 00; 1; 1; D; B8EF
13:24:22; 0009; +12.2; +1; 232; 00; 1; 1; D; E9A0
13:24:23; 0009; +12.0; +1; 231; 00; 1; 1; D; 63DA
13:24:24; 0009; +12.1; +1; 225; 00; 1; 1; D; 352C
13:24:25; 0009; +12.4; +1; 225; 00; 1; 1; D; 20BC
13:24:26; 0010; +12.5; +1; 226; 00; 1; 1; D; 3E70
13:24:27; 0010; +12.5; +1; 225; 00; 1; 1; D; 06A1
13:24:28; 0010; +12.4; +1; 225; 00; 1; 1; D; 8F85
13:24:29; 0010; +11.9; +1; 225; 00; 1; 1; D; 17BE
13:24:30; 0011; +12.3; +1; 228; 00; 1; 1; D; F863
13:24:31; 0011; +12.4; +1; 232; 00; 1; 1; D; 688F
13:24:32; 0011; +12.1; +1; 232; 00; 1; 1; D; AE3E
13:24:33; 0011; +12.4; +1; 232; 00; 1; 1; D; BBAE
13:24:34; 0011; +12.4; +1; 232; 00; 1; 1; D; 475F
13:24:35; 0012; +12.3; +1; 232; 00; 1; 1; D; 5464
13:24:36; 0012; +12.9; +1; 232; 00; 1; 1; D; B6D5
13:24:37; 0012; +12.0; +1; 229; 00; 1; 1; D; 6BAC
13:24:38; 0012; +12.2; +1; 224; 00; 1; 1; D; 3CB3
13:24:39; 0012; +12.5; +1; 225; 00; 1; 1; D; 0B49
13:24:40; 0013; +12.4; +1; 225; 00; 1; 1; D; 9F31
13:24:41; 0013; +12.3; +1; 225; 00; 1; 1; D; 380A
13:24:42; 0013; +12.1; +1; 225; 00; 1; 1; D; 9011
13:24:43; 0013; +12.1; +1; 225; 00; 1; 1; D; 5980
13:24:44; 0013; +12.5; +1; 225; 00; 1; 1; D; 8024
13:24:45; 0014; +12.6; +1; 225; 00; 1; 1; D; 8648
13:24:46; 0014; +12.7; +1; 231; 00; 1; 1; D; 36FF
13:24:47; 0014; +12.6; +1; 231; 00; 1; 1; D; 063A
13:24:48; 0014; +12.6; +1; 231; 00; 1; 1; D; 764A
13:24:49; 0014; +12.4; +1; 231; 00; 1; 1; D; 0D70
13:24:50; 0015; +12.1; +1; 232; 00; 1; 1; D; 6528
13:24:51; 0015; +12.8; +1; 231; 00; 1; 1; D; EE07
13:24:52; 0015; +12.7; +1; 232; 00; 1; 1; D; 21F7
13:24:53; 0015; +12.7; +1; 231; 00; 1; 1; D; 1926
13:24:54; 0015; +12.7; +1; 225; 00; 1; 1; D; B684
13:24:55; 0016; +12.6; +1; 225; 00; 1; 1; D; 3241
13:24:56; 0016; +12.3; +1; 225; 00; 1; 1; D; F4F0
13:24:57; 0016; +12.5; +1; 225; 00; 1; 1; D; AA9F
13:24:58; 0016; +12.4; +1; 225; 00; 1; 1; D; 23BB
13:24:59; 0016; +12.7; +1; 225; 00; 1; 1; D; A1D5
13:25:00; 0017; +12.4; +1; 225; 00; 1; 1; D; 2212
13:25:01; 0017; +12.5; +1; 225; 00; 1; 1; D; 12D7
13:25:02; 0017; +12.6; +1; 228; 00; 1; 1; D; D65C
13:25:03; 0017; +12.5; +1; 231; 00; 1; 1; D; 92A5
13:25:04; 0017; +13.1; +1; 231; 00; 1; 1; D; C9FF
13:25:05; 0018; +13.2; +1; 231; 00; 1; 1; D; AF97
13:25:06; 0018; +12.9; +1; 231; 00; 1; 1; D; 368C
13:25:07; 0018; +12.7; +1; 231; 00; 1; 1; D; 2249
13:25:08; 0018; +12.6; +1; 231; 00; 1; 1; D; AB6D
13:25:09; 0019; +12.6; +1; 231; 00; 1; 1; D; CEFD
13:25:10; 0019; +12.5; +1; 225; 00; 1; 1; D; 3F49
13:25:11; 0019; +12.6; +1; 225; 00; 1; 1; D; BD27
13:25:12; 0019; +12.6; +1; 225; 00; 1; 1; D; A797
13:25:13; 0019; +12.7; +1; 225; 00; 1; 1; D; 9752
13:25:14; 0020; +12.6; +1; 225; 00; 1; 1; D; 5E46
13:25:15; 0020; +12.5; +1; 224; 00; 1; 1; D; 4CE9
13:25:16; 0020; +12.3; +1; 225; 00; 1; 1; D; 5166
13:25:17; 0020; +12.5; +1; 226; 00; 1; 1; D; FE49
13:25:18; 0020; +12.7; +1; 232; 00; 1; 1; D; 6FC1
13:25:19; 0021; +12.7; +1; 231; 00; 1; 1; D; FB11
13:25:20; 0021; +12.8; +1; 232; 00; 1; 1; D; DF5A
13:25:21; 0021; +12.8; +1; 232; 00; 1; 1; D; 16CB
13:25:22; 0021; +12.7; +1; 232; 00; 1; 1; D; 287B
13:25:23; 0021; +13.1; +1; 231; 00; 1; 1; D; 05AA
13:25:24; 0022; +12.9; +1; 231; 00; 1; 1; D; 850F
13:25:25; 0022; +12.6; +1; 231; 00; 1; 1; D; 689E
13:25:26; 0022; +12.3; +1; 225; 00; 1; 1; D; FD7C
13:25:27; 0022; +12.4; +1; 225; 00; 1; 1; D; 5A47
13:25:28; 0022; +12.2; +1; 225; 00; 1; 1; D; BDC9
13:25:29; 0023; +12.4; +1; 224; 00; 1; 1; D; DF66
13:25:30; 0023; +12.5; +1; 224; 00; 1; 1; D; CF2A
13:25:31; 0023; +12.7; +1; 224; 00; 1; 1; D; B410
13:25:32; 0023; +12.4; +1; 225; 00; 1; 1; D; 759E
13:25:33; 0023; +12.9; +1; 228; 00; 1; 1; D; BF60
13:25:34; 0024; +12.8; +1; 231; 00; 1; 1; D; F850
13:25:35; 0024; +12.8; +1; 232; 00; 1; 1; D; C081
13:25:36; 0024; +13.0; +1; 231; 00; 1; 1; D; E325
13:25:37; 0024; +13.0; +1; 231; 00; 1; 1; D; 2AB4
13:25:38; 0024; +13.2; +1; 231; 00; 1; 1; D; E86F
13:25:39; 0025; +13.1; +1; 231; 00; 1; 1; D; C600
13:25:40; 0025; +12.8; +1; 226; 00; 1; 1; D; 943E
13:25:41; 0025; +13.2; +1; 225; 00; 1; 1; D; D610
13:25:42; 0025; +13.0; +1; 225; 00; 1; 1; D; 7E0B
13:25:43; 0025; +12.9; +1; 224; 00; 1; 1; D; 165B
13:25:44; 0026; +13.1; +1; 225; 00; 1; 1; D; 063F
13:25:45; 0026; +12.9; +1; 225; 00; 1; 1; D; 07FA
13:25:46; 0026; +12.8; +1; 225; 00; 1; 1; D; E41E
13:25:47; 0026; +12.5; +1; 224; 00; 1; 1; D; 2BE5
13:25:48; 0026; +12.6; +1; 225; 00; 1; 1; D; 80AB
13:25:49; 0027; +12.6; +1; 227; 00; 1; 1; D; 84BA
13:25:50; 0027; +12.6; +1; 231; 00; 1; 1; D; 5F70
13:25:51; 0027; +12.6; +1; 231; 00; 1; 1; D; 96E1
13:25:52; 0027; +12.7; +1; 231; 00; 1; 1; D; 7505
13:25:53; 0028; +12.5; +1; 232; 00; 1; 1; D; 1B79
13:25:54; 0028; +12.1; +1; 232; 00; 1; 1; D; C2DD
13:25:55; 0028; +12.3; +1; 231; 00; 1; 1; D; 48A7
13:25:56; 0028; +12.0; +1; 231; 00; 1; 1; D; 19E8
13:25:57; 0028; +11.9; +1; 227; 00; 1; 1; D; 9654
13:25:58; 0029; +12.0; +1; 225; 00; 1; 1; D; 5F5B
13:25:59; 0029; +11.6; +1; 225; 00; 1; 1; D; C635
13:26:00; 0029; +11.8; +1; 225; 00; 1; 1; D; 4555
13:26:01; 0029; +12.4; +1; 225; 00; 1; 1; D; 243A
13:26:02; 0029; +12.3; +1; 225; 00; 1; 1; D; 5020
13:26:03; 0030; +12.0; +1; 225; 00; 1; 1; D; DE26
13:26:04; 0030; +12.4; +1; 225; 00; 1; 1; D; 0782
13:26:05; 0030; +12.2; +1; 232; 00; 1; 1; D; FBFE
13:26:06; 0030; +12.3; +1; 231; 00; 1; 1; D; E95A
13:26:07; 0030; +12.0; +1; 231; 00; 1; 1; D; 6B34
13:26:08; 0031; +12.0; +1; 231; 00; 1; 1; D; B745
13:26:09; 0031; +12.1; +1; 231; 00; 1; 1; D; 8780
13:26:10; 0031; +12.1; +1; 231; 00; 1; 1; D; 6E98
13:26:11; 0031; +12.1; +1; 231; 00; 1; 1; D; A709
13:26:12; 0031; +12.3; +1; 231; 00; 1; 1; D; 0F12
13:26:13; 0032; +12.6; +1; 229; 00; 1; 1; D; F8D4
13:26:14; 0032; +12.3; +1; 225; 00; 1; 1; D; DD21
13:26:15; 0032; +11.9; +1; 225; 00; 1; 1; D; 2BB0
13:26:16; 0032; +12.2; +1; 225; 00; 1; 1; D; F754
13:26:17; 0032; +12.1; +1; 224; 00; 1; 1; D; E5FB
13:26:18; 0033; +12.1; +1; 224; 00; 1; 1; D; 398A
13:26:19; 0033; +12.7; +1; 225; 00; 1; 1; D; F724
13:26:20; 0033; +13.4; +1; 225; 00; 1; 1; D; CF2E
13:26:21; 0033; +13.0; +1; 231; 00; 1; 1; D; 70B9
13:26:22; 0033; +12.6; +1; 232; 00; 1; 1; D; 8E49
13:26:23; 0034; +12.5; +1; 231; 00; 1; 1; D; 7965
13:26:24; 0034; +12.2; +1; 231; 00; 1; 1; D; EB3E
13:26:25; 0034; +12.7; +1; 231; 00; 1; 1; D; FEAE
13:26:26; 0034; +12.7; +1; 231; 00; 1; 1; D; E41E
13:26:27; 0034; +12.5; +1; 232; 00; 1; 1; D; 6E64
13:26:28; 0035; +12.1; +1; 226; 00; 1; 1; D; C413
13:26:29; 0035; +12.0; +1; 225; 00; 1; 1; D; 0596
13:26:30; 0035; +12.6; +1; 224; 00; 1; 1; D; EBB1
13:26:31; 0035; +12.7; +1; 224; 00; 1; 1; D; DB74
13:26:32; 0035; +12.6; +1; 225; 00; 1; 1; D; A851
13:26:33; 0036; +11.9; +1; 225; 00; 1; 1; D; 36C1
13:26:34; 0036; +12.1; +1; 224; 00; 1; 1; D; D75A
13:26:35; 0036; +11.6; +1; 224; 00; 1; 1; D; B760
13:26:36; 0036; +11.6; +1; 231; 00; 1; 1; D; 6E42
13:26:37; 0037; +11.7; +1; 231; 00; 1; 1; D; F286
13:26:38; 0037; +11.9; +1; 231; 00; 1; 1; D; 5FA2
13:26:39; 0037; +12.1; +1; 231; 00; 1; 1; D; 1B98
13:26:40; 0037; +11.8; +1; 231; 00; 1; 1; D; AE4A
13:26:41; 0037; +11.8; +1; 231; 00; 1; 1; D; 67DB
13:26:42; 0038; +11.5; +1; 231; 00; 1; 1; D; 0FC6
13:26:43; 0038; +11.3; +1; 231; 00; 1; 1; D; 51A9
13:26:44; 0038; +11.4; +1; 224; 00; 1; 1; D; 0060
13:26:45; 0038; +11.1; +1; 224; 00; 1; 1; D; 15F0
13:26:46; 0038; +10.9; +1; 225; 00; 1; 1; D; 57D5
13:26:47; 0039; +11.3; +1; 224; 00; 1; 1; D; D87B
13:26:48; 0039; +11.3; +1; 225; 00; 1; 1; D; 38CA
13:26:49; 0039; +11.2; +1; 225; 00; 1; 1; D; 080F
13:26:50; 0039; +10.6; +1; 225; 00; 1; 1; D; 46BC
13:26:51; 0039; +10.5; +1; 224; 00; 1; 1; D; 5413
13:26:52; 0040; +10.3; +1; 231; 00; 1; 1; D; 17CF
13:26:53; 0040; +10.6; +1; 231; 00; 1; 1; D; 025F
13:26:54; 0040; +11.1; +1; 231; 00; 1; 1; D; 12FA
13:26:55; 0040; +11.3; +1; 231; 00; 1; 1; D; 69C0
13:26:56; 0040; +11.5; +1; 232; 00; 1; 1; D; 15CE
13:26:57; 0041; +11.6; +1; 231; 00; 1; 1; D; CAE1
13:26:58; 0041; +11.6; +1; 231; 00; 1; 1; D; BA91
13:26:59; 0041; +11.6; +1; 231; 00; 1; 1; D; 7300
13:27:00; 0041; +11.1; +1; 225; 00; 1; 1; D; 2AC0
13:27:01; 0041; +11.2; +1; 225; 00; 1; 1; D; A8AE
13:27:02; 0042; +11.4; +1; 225; 00; 1; 1; D; 91E0
13:27:03; 0042; +11.7; +1; 225; 00; 1; 1; D; 138E
13:27:04; 0042; +11.9; +1; 224; 00; 1; 1; D; A2EA
13:27:05; 0042; +10.5; +1; 225; 00; 1; 1; D; 16BB
13:27:06; 0042; +10.2; +1; 225; 00; 1; 1; D; 62A1
13:27:07; 0043; +11.1; +1; 225; 00; 1; 1; D; CE30
13:27:08; 0043; +11.9; +1; 231; 00; 1; 1; D; A7B9
13:27:09; 0043; +11.9; +1; 231; 00; 1; 1; D; 6E28
13:27:10; 0043; +11.2; +1; 231; 00; 1; 1; D; 8665
13:27:11; 0043; +11.4; +1; 231; 00; 1; 1; D; D80A
13:27:12; 0044; +11.2; +1; 231; 00; 1; 1; D; D146
13:27:13; 0044; +11.1; +1; 231; 00; 1; 1; D; 5328
13:27:14; 0044; +11.0; +1; 232; 00; 1; 1; D; A7CD
13:27:15; 0044; +11.0; +1; 231; 00; 1; 1; D; 9F1C
13:27:16; 0044; +11.2; +1; 224; 00; 1; 1; D; F495
13:27:17; 0045; +11.4; +1; 225; 00; 1; 1; D; 963A
13:27:18; 0045; +11.4; +1; 225; 00; 1; 1; D; E64A
13:27:19; 0045; +11.5; +1; 224; 00; 1; 1; D; 464E
13:27:20; 0045; +10.7; +1; 225; 00; 1; 1; D; 17D1
13:27:21; 0045; +10.7; +1; 225; 00; 1; 1; D; DE40
13:27:22; 0046; +11.0; +1; 225; 00; 1; 1; D; 9CA4
13:27:23; 0046; +11.0; +1; 227; 00; 1; 1; D; 34B4
13:27:24; 0046; +11.0; +1; 232; 00; 1; 1; D; 0BD7
13:27:25; 0046; +10.8; +1; 231; 00; 1; 1; D; FB52
13:27:26; 0046; +11.0; +1; 231; 00; 1; 1; D; 29B6
13:27:27; 0047; +11.5; +1; 232; 00; 1; 1; D; 6167
13:27:28; 0047; +11.3; +1; 232; 00; 1; 1; D; 86E9
13:27:29; 0047; +11.2; +1; 231; 00; 1; 1; D; 476C
13:27:30; 0047; +10.8; +1; 231; 00; 1; 1; D; D48B
13:27:31; 0047; +10.9; +1; 231; 00; 1; 1; D; E44E
13:27:32; 0048; +11.2; +1; 225; 00; 1; 1; D; CA00
13:27:33; 0048; +11.6; +1; 225; 00; 1; 1; D; 26C4
13:27:34; 0048; +11.3; +1; 225; 00; 1; 1; D; 0634
13:27:35; 0048; +11.2; +1; 225; 00; 1; 1; D; 36F1
13:27:36; 0048; +11.6; +1; 225; 00; 1; 1; D; 0914
13:27:37; 0049; +11.8; +1; 225; 00; 1; 1; D; B1D0
13:27:38; 0049; +11.8; +1; 225; 00; 1; 1; D; C1A0
13:27:39; 0049; +11.3; +1; 231; 00; 1; 1; D; 5A37
13:27:40; 0049; +11.1; +1; 232; 00; 1; 1; D; D8F1
13:27:41; 0050; +11.3; +1; 231; 00; 1; 1; D; 5EE3
13:27:42; 0050; +11.1; +1; 231; 00; 1; 1; D; F6F8
13:27:43; 0050; +11.1; +1; 232; 00; 1; 1; D; CE29
13:27:44; 0050; +11.1; +1; 231; 00; 1; 1; D; C398
13:27:45; 0050; +11.5; +1; 232; 00; 1; 1; D; DE1C
13:27:46; 0051; +11.6; +1; 231; 00; 1; 1; D; D212
13:27:47; 0051; +11.9; +1; 226; 00; 1; 1; D; 9D90
13:27:48; 0051; +12.1; +1; 225; 00; 1; 1; D; 910B
13:27:49; 0051; +11.8; +1; 224; 00; 1; 1; D; BCA4
13:27:50; 0051; +11.9; +1; 225; 00; 1; 1; D; 3C29
13:27:51; 0052; +11.6; +1; 225; 00; 1; 1; D; 65B8
13:27:52; 0052; +11.4; +1; 224; 00; 1; 1; D; 5D62
13:27:53; 0052; +11.6; +1; 224; 00; 1; 1; D; 2658
13:27:54; 0052; +11.2; +1; 225; 00; 1; 1; D; 6F3D
13:27:55; 0052; +11.3; +1; 231; 00; 1; 1; D; 0CAB
13:27:56; 0053; +11.2; +1; 232; 00; 1; 1; D; B20E
13:27:57; 0053; +11.5; +1; 231; 00; 1; 1; D; E475
13:27:58; 0053; +11.3; +1; 231; 00; 1; 1; D; 03FB
13:27:59; 0053; +10.9; +1; 231; 00; 1; 1; D; B095
13:28:00; 0053; +11.9; +1; 232; 00; 1; 1; D; 0131
13:28:01; 0054; +12.1; +1; 231; 00; 1; 1; D; 3049
13:28:02; 0054; +11.7; +1; 231; 00; 1; 1; D; 7A06
13:28:03; 0054; +11.2; +1; 227; 00; 1; 1; D; 5D44
13:28:04; 0054; +11.4; +1; 225; 00; 1; 1; D; 57CA
13:28:05; 0054; +11.2; +1; 225; 00; 1; 1; D; 09A5
13:28:06; 0055; +11.3; +1; 225; 00; 1; 1; D; 4640
13:28:07; 0055; +11.5; +1; 225; 00; 1; 1; D; 182F
13:28:08; 0055; +11.2; +1; 225; 00; 1; 1; D; 06F5
13:28:09; 0055; +10.9; +1; 225; 00; 1; 1; D; 4CCF
13:28:10; 0055; +11.4; +1; 225; 00; 1; 1; D; B182
13:28:11; 0056; +11.4; +1; 231; 00; 1; 1; D; 9F40
13:28:12; 0056; +11.6; +1; 231; 00; 1; 1; D; 375B
13:28:13; 0056; +11.4; +1; 232; 00; 1; 1; D; BD21
13:28:14; 0056; +11.2; +1; 231; 00; 1; 1; D; 276E
13:28:15; 0056; +11.8; +1; 232; 00; 1; 1; D; E7BE
13:28:16; 0057; +11.3; +1; 231; 00; 1; 1; D; A11A
13:28:17; 0057; +11.6; +1; 232; 00; 1; 1; D; 45CA
13:28:18; 0057; +11.4; +1; 231; 00; 1; 1; D; 7651
13:28:19; 0057; +10.9; +1; 226; 00; 1; 1; D; 0986
13:28:20; 0058; +10.8; +1; 225; 00; 1; 1; D; 149F
13:28:21; 0058; +11.1; +1; 225; 00; 1; 1; D; EC0E
13:28:22; 0058; +11.1; +1; 225; 00; 1; 1; D; F6BE
13:28:23; 0058; +10.6; +1; 225; 00; 1; 1; D; D37B
13:28:24; 0058; +10.4; +1; 225; 00; 1; 1; D; 9D21
13:28:25; 0059; +10.7; +1; 225; 00; 1; 1; D; B34E
13:28:26; 0059; +11.5; +1; 225; 00; 1; 1; D; 99AB
13:28:27; 0059; +11.4; +1; 232; 00; 1; 1; D; 0B7D
13:28:28; 0059; +10.9; +1; 231; 00; 1; 1; D; 9E18
13:28:29; 0059; +10.8; +1; 231; 00; 1; 1; D; AEDD
13:28:30; 0060; +10.9; +1; 231; 00; 1; 1; D; 7220
13:28:31; 0060; +11.2; +1; 232; 00; 1; 1; D; C95A
13:28:32; 0060; +11.4; +1; 231; 00; 1; 1; D; B554
13:28:33; 0060; +11.0; +1; 231; 00; 1; 1; D; 5990
13:28:34; 0060; +11.1; +1; 231; 00; 1; 1; D; 5C35
13:28:35; 0061; +11.3; +1; 227; 00; 1; 1; D; B9DC
13:28:36; 0061; +11.3; +1; 225; 00; 1; 1; D; C2ED
13:28:37; 0061; +11.4; +1; 225; 00; 1; 1; D; 65D6
13:28:38; 0061; +10.8; +1; 225; 00; 1; 1; D; F8A7
13:28:39; 0061; +10.7; +1; 225; 00; 1; 1; D; 1536
13:28:40; 0062; +10.8; +1; 225; 00; 1; 1; D; 441B
13:28:41; 0062; +11.3; +1; 225; 00; 1; 1; D; 0E21
13:28:42; 0062; +11.6; +1; 225; 00; 1; 1; D; C890
13:28:43; 0062; +11.2; +1; 231; 00; 1; 1; D; 7707
13:28:44; 0062; +11.3; +1; 231; 00; 1; 1; D; 72A2
13:28:45; 0063; +11.4; +1; 232; 00; 1; 1; D; 88D8
13:28:46; 0063; +11.5; +1; 232; 00; 1; 1; D; 6B3C
13:28:47; 0063; +11.3; +1; 232; 00; 1; 1; D; 3553
13:28:48; 0063; +10.9; +1; 231; 00; 1; 1; D; CE9C
13:28:49; 0063; +11.5; +1; 231; 00; 1; 1; D; EA0C
13:28:50; 0064; +11.4; +1; 232; 00; 1; 1; D; 8F02
13:28:51; 0064; +12.0; +1; 231; 00; 1; 1; D; 5587
13:28:52; 0064; +11.2; +1; 226; 00; 1; 1; D; 988E
13:28:53; 0064; +11.1; +1; 224; 00; 1; 1; D; 7B61
13:28:54; 0064; +11.3; +1; 225; 00; 1; 1; D; A5FA
13:28:55; 0065; +11.4; +1; 225; 00; 1; 1; D; AEC0
13:28:56; 0065; +11.4; +1; 225; 00; 1; 1; D; B470
13:28:57; 0065; +11.2; +1; 225; 00; 1; 1; D; EA1F
13:28:58; 0065; +10.7; +1; 225; 00; 1; 1; D; C490
13:28:59; 0065; +10.8; +1; 225; 00; 1; 1; D; 2901
13:29:00; 0066; +10.9; +1; 226; 00; 1; 1; D; F12C
13:29:01; 0066; +11.2; +1; 232; 00; 1; 1; D; E845
13:29:02; 0066; +11.5; +1; 232; 00; 1; 1; D; 9C5F
13:29:03; 0066; +11.4; +1; 231; 00; 1; 1; D; 5DDA
13:29:04; 0067; +12.1; +1; 232; 00; 1; 1; D; E76A
13:29:05; 0067; +12.1; +1; 232; 00; 1; 1; D; 2EFB
13:29:06; 0067; +11.9; +1; 232; 00; 1; 1; D; B9E0
13:29:07; 0067; +11.9; +1; 232; 00; 1; 1; D; 7071
13:29:08; 0067; +11.9; +1; 229; 00; 1; 1; D; A717
13:29:09; 0068; +11.7; +1; 225; 00; 1; 1; D; 52D1
13:29:10; 0068; +11.7; +1; 225; 00; 1; 1; D; BBC9
13:29:11; 0068; +11.8; +1; 225; 00; 1; 1; D; 5658
13:29:12; 0068; +11.7; +1; 225; 00; 1; 1; D; 68E8
13:29:13; 0068; +12.4; +1; 225; 00; 1; 1; D; 2D87
13:29:14; 0069; +11.9; +1; 225; 00; 1; 1; D; 2CDD
13:29:15; 0069; +11.8; +1; 225; 00; 1; 1; D; 1C18
13:29:16; 0069; +11.7; +1; 231; 00; 1; 1; D; 71FB
13:29:17; 0069; +11.5; +1; 232; 00; 1; 1; D; FB81
13:29:18; 0069; +11.7; +1; 232; 00; 1; 1; D; 395A
13:29:19; 0070; +11.5; +1; 232; 00; 1; 1; D; 4E08
13:29:20; 0070; +11.4; +1; 231; 00; 1; 1; D; B717
13:29:21; 0070; +11.6; +1; 232; 00; 1; 1; D; 3D6D
13:29:22; 0070; +11.0; +1; 232; 00; 1; 1; D; B023
13:29:23; 0070; +11.5; +1; 232; 00; 1; 1; D; A5B3
13:29:24; 0071; +11.3; +1; 231; 00; 1; 1; D; 93FD
13:29:25; 0071; +11.4; +1; 240; 00; 1; 1; D; 95B5
13:29:26; 0071; +11.5; +1; 225; 00; 1; 1; D; 8471
13:29:27; 0071; +11.2; +1; 225; 00; 1; 1; D; 234A
13:29:28; 0071; +11.0; +1; 225; 00; 1; 1; D; E191
13:29:29; 0072; +11.5; +1; 225; 00; 1; 1; D; 4001
13:29:30; 0072; +11.3; +1; 225; 00; 1; 1; D; 3EE7
13:29:31; 0072; +11.4; +1; 225; 00; 1; 1; D; 99DC
13:29:32; 0072; +11.5; +1; 225; 00; 1; 1; D; 7A38
13:29:33; 0072; +12.0; +1; 232; 00; 1; 1; D; 0ABA
13:29:34; 0073; +11.8; +1; 232; 00; 1; 1; D; D7E1
13:29:35; 0073; +12.0; +1; 231; 00; 1; 1; D; 629B
13:29:36; 0073; +12.2; +1; 232; 00; 1; 1; D; 3BC0
13:29:37; 0073; +12.6; +1; 232; 00; 1; 1; D; D704
13:29:38; 0073; +12.2; +1; 231; 00; 1; 1; D; 7361
13:29:39; 0074; +11.7; +1; 231; 00; 1; 1; D; 25F2
13:29:40; 0074; +12.0; +1; 231; 00; 1; 1; D; 4D74
13:29:41; 0074; +11.5; +1; 225; 00; 1; 1; D; CCB6
13:29:42; 0074; +11.1; +1; 225; 00; 1; 1; D; F353
13:29:43; 0074; +11.3; +1; 225; 00; 1; 1; D; 8869
13:29:44; 0075; +11.7; +1; 226; 00; 1; 1; D; 0C8C
13:29:45; 0075; +12.3; +1; 225; 00; 1; 1; D; D609
13:29:46; 0075; +11.8; +1; 225; 00; 1; 1; D; 0AED
13:29:47; 0075; +11.5; +1; 225; 00; 1; 1; D; 55D7
13:29:48; 0076; +12.0; +1; 232; 00; 1; 1; D; 28B4
13:29:49; 0076; +11.6; +1; 232; 00; 1; 1; D; B1DA
13:29:50; 0076; +11.7; +1; 232; 00; 1; 1; D; A196
13:29:51; 0076; +11.6; +1; 232; 00; 1; 1; D; 9153
13:29:52; 0076; +11.9; +1; 232; 00; 1; 1; D; AFE3
13:29:53; 0077; +12.2; +1; 232; 00; 1; 1; D; 0C27
13:29:54; 0077; +12.0; +1; 232; 00; 1; 1; D; 427D
13:29:55; 0077; +11.5; +1; 232; 00; 1; 1; D; 90EC
13:29:56; 0077; +11.4; +1; 227; 00; 1; 1; D; B09A
13:29:57; 0077; +10.7; +1; 225; 00; 1; 1; D; D18B
13:29:58; 0078; +11.6; +1; 225; 00; 1; 1; D; 3E57
13:29:59; 0078; +11.9; +1; 225; 00; 1; 1; D; D3C6
13:30:00; 0078; +12.0; +1; 225; 00; 1; 1; D; E9C8
13:30:01; 0078; +11.6; +1; 225; 00; 1; 1; D; 70A6
13:30:02; 0078; +11.8; +1; 225; 00; 1; 1; D; B742
13:30:03; 0079; +12.0; +1; 225; 10; 1; 1; D; DE7B
13:30:04; 0079; +12.4; +1; 231; 00; 1; 1; D; D58E
13:30:05; 0079; +12.2; +1; 232; 00; 1; 1; D; 7AA1
13:30:06; 0079; +12.1; +1; 232; 00; 1; 1; D; 2BEE
13:30:07; 0079; +12.2; +1; 232; 00; 1; 1; D; A980
13:30:08; 0080; +11.7; +1; 232; 00; 1; 1; D; 0C91
13:30:09; 0080; +11.6; +1; 232; 00; 1; 1; D; 3C54
13:30:10; 0080; +11.6; +1; 232; 00; 1; 1; D; D54C
13:30:11; 0080; +11.4; +1; 232; 00; 1; 1; D; AE76
13:30:12; 0080; +11.3; +1; 227; 00; 1; 1; D; 19FE
13:30:13; 0081; +11.9; +1; 225; 00; 1; 1; D; E5EE
13:30:14; 0081; +11.7; +1; 226; 00; 1; 1; D; 350B
13:30:15; 0081; +11.6; +1; 226; 00; 1; 1; D; 05CE
13:30:16; 0081; +11.6; +1; 225; 00; 1; 1; D; EE3E
13:30:17; 0081; +11.6; +1; 225; 00; 1; 1; D; 27AF
13:30:18; 0082; +11.6; +1; 225; 00; 1; 1; D; E3DF
13:30:19; 0082; +11.8; +1; 225; 00; 1; 1; D; F71A
13:30:20; 0082; +11.9; +1; 231; 00; 1; 1; D; AC16
13:30:21; 0082; +11.9; +1; 233; 00; 1; 1; D; 0406
13:30:22; 0082; +12.3; +1; 232; 00; 1; 1; D; B177
13:30:23; 0083; +12.1; +1; 232; 00; 1; 1; D; 664C
13:30:24; 0083; +12.6; +1; 232; 00; 1; 1; D; F417
13:30:25; 0083; +12.3; +1; 232; 00; 1; 1; D; E187
13:30:26; 0083; +11.7; +1; 232; 00; 1; 1; D; 1963
13:30:27; 0084; +11.5; +1; 231; 00; 1; 1; D; 171B
13:30:28; 0084; +11.7; +1; 228; 00; 1; 1; D; 1357
13:30:29; 0084; +11.7; +1; 225; 00; 1; 1; D; 4F02
13:30:30; 0084; +12.1; +1; 225; 00; 1; 1; D; F6E5
13:30:31; 0084; +12.6; +1; 226; 00; 1; 1; D; A09E
13:30:32; 0085; +12.2; +1; 226; 00; 1; 1; D; 337A
13:30:33; 0085; +11.7; +1; 225; 00; 1; 1; D; 10AB
13:30:34; 0085; +12.2; +1; 225; 00; 1; 1; D; F75A
13:30:35; 0085; +11.5; +1; 226; 00; 1; 1; D; 6620
13:30:36; 0085; +11.6; +1; 232; 00; 1; 1; D; 643C
13:30:37; 0086; +11.5; +1; 232; 00; 1; 1; D; 5252
13:30:38; 0086; +11.9; +1; 233; 00; 1; 1; D; DD1C
13:30:39; 0086; +11.8; +1; 232; 00; 1; 1; D; 7D18
13:30:40; 0086; +11.3; +1; 231; 00; 1; 1; D; 4C20
13:30:41; 0086; +11.5; +1; 232; 00; 1; 1; D; E30F
13:30:42; 0087; +11.5; +1; 233; 00; 1; 1; D; C57F
13:30:43; 0087; +12.0; +1; 231; 00; 1; 1; D; 766F
13:30:44; 0087; +12.0; +1; 225; 00; 1; 1; D; D9CD
13:30:45; 0087; +11.5; +1; 225; 00; 1; 1; D; 0B5C
13:30:46; 0087; +11.6; +1; 225; 00; 1; 1; D; 5A13
13:30:47; 0088; +12.0; +1; 225; 00; 1; 1; D; 277B
13:30:48; 0088; +12.5; +1; 225; 00; 1; 1; D; 8B0A
13:30:49; 0088; +12.5; +1; 225; 00; 1; 1; D; 429B
13:30:50; 0088; +12.4; +1; 226; 00; 1; 1; D; A397
13:30:51; 0088; +12.3; +1; 230; 00; 1; 1; D; 367E
13:30:52; 0089; +12.2; +1; 232; 00; 1; 1; D; 181A
13:30:53; 0089; +11.9; +1; 232; 00; 1; 1; D; 17DF
13:30:54; 0089; +11.9; +1; 232; 00; 1; 1; D; EB2E
13:30:55; 0089; +11.8; +1; 232; 00; 1; 1; D; DBEB
13:30:56; 0089; +11.6; +1; 232; 00; 1; 1; D; 1C0F
13:30:57; 0090; +11.8; +1; 231; 00; 1; 1; D; F5E2
13:30:58; 0090; +12.5; +1; 232; 00; 1; 1; D; 2578
13:30:59; 0090; +12.4; +1; 228; 00; 1; 1; D; 226A
13:31:00; 0090; +12.2; +1; 225; 00; 1; 1; D; 4469
13:31:01; 0090; +12.2; +1; 225; 00; 1; 1; D; 8DF8
13:31:02; 0091; +12.0; +1; 225; 00; 1; 1; D; 89E2
13:31:03; 0091; +12.3; +1; 225; 00; 1; 1; D; 0B8C
13:31:04; 0091; +12.4; +1; 226; 00; 1; 1; D; 6897
13:31:05; 0091; +12.1; +1; 226; 00; 1; 1; D; 7D07
13:31:06; 0091; +12.1; +1; 225; 00; 1; 1; D; 96F7
13:31:07; 0092; +11.9; +1; 226; 00; 1; 1; D; 978D
13:31:08; 0092; +11.7; +1; 232; 00; 1; 1; D; 69FA
13:31:09; 0092; +12.0; +1; 232; 00; 1; 1; D; 09C0
13:31:10; 0092; +11.7; +1; 232; 00; 1; 1; D; 4973
13:31:11; 0093; +11.6; +1; 232; 00; 1; 1; D; D5B7
13:31:12; 0093; +11.8; +1; 232; 00; 1; 1; D; 1253
13:31:13; 0093; +11.7; +1; 232; 00; 1; 1; D; FFC2
13:31:14; 0093; +11.4; +1; 232; 00; 1; 1; D; 48CC
13:31:15; 0093; +11.4; +1; 227; 00; 1; 1; D; 42CF
13:31:16; 0094; +11.6; +1; 226; 00; 1; 1; D; FE17
13:31:17; 0094; +11.6; +1; 225; 00; 1; 1; D; C6C6
13:31:18; 0094; +12.1; +1; 225; 00; 1; 1; D; 1F1D
13:31:19; 0094; +11.7; +1; 225; 00; 1; 1; D; 8673
13:31:20; 0094; +11.7; +1; 226; 00; 1; 1; D; 8638
13:31:21; 0095; +11.9; +1; 225; 00; 1; 1; D; CFBC
13:31:22; 0095; +11.9; +1; 225; 00; 1; 1; D; D50C
13:31:23; 0095; +12.0; +1; 232; 00; 1; 1; D; CA71
13:31:24; 0095; +11.6; +1; 232; 00; 1; 1; D; 667F
13:31:25; 0095; +11.9; +1; 232; 00; 1; 1; D; 8BEE
13:31:26; 0096; +11.9; +1; 232; 00; 1; 1; D; 255E
13:31:27; 0096; +12.0; +1; 232; 00; 1; 1; D; 9830
13:31:28; 0096; +11.9; +1; 232; 00; 1; 1; D; 9CBF
13:31:29; 0096; +11.3; +1; 231; 00; 1; 1; D; 5C6F
13:31:30; 0096; +11.5; +1; 229; 00; 1; 1; D; 74DF
13:31:31; 0097; +11.5; +1; 225; 00; 1; 1; D; 144A
13:31:32; 0097; +11.7; +1; 225; 00; 1; 1; D; BC51
13:31:33; 0097; +11.6; +1; 225; 00; 1; 1; D; 8C94
13:31:34; 0097; +11.6; +1; 225; 00; 1; 1; D; 7065
13:31:35; 0097; +11.6; +1; 225; 00; 1; 1; D; B9F4
13:31:36; 0098; +11.7; +1; 225; 00; 1; 1; D; BE16
13:31:37; 0098; +11.7; +1; 226; 00; 1; 1; D; 86C7
13:31:38; 0098; +11.8; +1; 232; 00; 1; 1; D; 81E4
13:31:39; 0098; +11.3; +1; 232; 00; 1; 1; D; 4920
13:31:40; 0098; +12.0; +1; 232; 00; 1; 1; D; 04F3
13:31:41; 0099; +11.8; +1; 232; 00; 1; 1; D; ECC8
13:31:42; 0099; +11.7; +1; 231; 00; 1; 1; D; 2338
13:31:43; 0099; +11.8; +1; 232; 00; 1; 1; D; 3FE9
13:31:44; 0099; +11.3; +1; 232; 00; 1; 1; D; C24D
13:31:45; 0099; +10.1; +1; 231; 00; 1; 1; D; CAC9
13:31:46; 0100; +10.3; +1; 231; 00; 1; 1; D; 40DA
13:31:47; 0100; +11.3; +1; 231; 00; 2; 1; S; FF11
13:31:48; 0100; +12.0; +1; 231; 00; 2; 1; S; 039F
13:31:49; 0100; +12.8; +1; 231; 00; 2; 1; S; 80A4
13:31:50; 0100; +13.0; +1; 231; 00; 2; 1; S; A1E8
13:31:51; 0100; +13.1; +1; 231; 00; 2; 1; D; 959D
13:31:52; 0100; +11.8; +1; 225; 00; 2; 1; D; 2A7F
13:31:53; 0100; +10.9; +1; 226; 00; 2; 1; D; 6904
13:31:54; 0100; +10.7; +1; 227; 00; 2; 1; D; D860
13:31:55; 0101; +10.9; +1; 232; 00; 2; 1; D; A336
13:31:56; 0101; +11.2; +1; 232; 00; 2; 1; D; 3A2D
13:31:57; 0101; +10.9; +1; 231; 00; 2; 1; D; 8157
13:31:58; 0102; +10.9; +1; 232; 00; 2; 1; D; B467
13:31:59; 0102; +11.1; +1; 232; 00; 2; 1; D; B5A2
13:32:00; 0102; +11.0; +1; 232; 00; 2; 1; D; 12C2
13:32:01; 0102; +10.9; +1; 232; 00; 2; 1; D; EA53
13:32:02; 0103; +11.3; +1; 229; 00; 2; 1; D; 810B
13:32:03; 0103; +11.5; +1; 225; 00; 2; 1; D; DA61
13:32:04; 0103; +10.9; +1; 225; 00; 2; 1; D; CB91
13:32:05; 0103; +10.9; +1; 225; 00; 2; 1; D; 0200
13:32:06; 0104; +11.7; +1; 225; 00; 2; 1; D; C318
13:32:07; 0104; +10.9; +1; 225; 00; 2; 1; D; 5523
13:32:08; 0104; +11.0; +1; 225; 00; 2; 1; D; 1453
13:32:09; 0105; +11.2; +1; 225; 00; 2; 1; D; C368
13:32:10; 0105; +11.1; +1; 225; 00; 2; 1; D; 618F
13:32:11; 0105; +11.1; +1; 231; 00; 2; 1; D; FB4D
13:32:12; 0105; +10.9; +1; 232; 00; 2; 1; D; D8E9
13:32:13; 0106; +11.2; +1; 232; 00; 2; 1; D; 26D3
13:32:14; 0106; +11.2; +1; 232; 00; 2; 1; D; DA22
13:32:15; 0106; +11.2; +1; 231; 00; 2; 1; D; E2F3
13:32:16; 0106; +11.0; +1; 231; 00; 2; 1; D; 4AE8
13:32:17; 0107; +11.5; +1; 232; 00; 2; 1; D; 0239
13:32:18; 0107; +11.6; +1; 231; 00; 2; 1; D; C8F6
13:32:19; 0107; +11.5; +1; 225; 00; 2; 1; D; 19CB
13:32:20; 0108; +11.4; +1; 225; 00; 2; 1; D; F592
13:32:21; 0108; +11.4; +1; 225; 00; 2; 1; D; 3C03
13:32:22; 0108; +11.0; +1; 225; 00; 2; 1; D; 03E6
13:32:23; 0108; +11.1; +1; 225; 00; 2; 1; D; 3323
13:32:24; 0109; +11.2; +1; 225; 00; 2; 1; D; 282C
13:32:25; 0109; +11.3; +1; 225; 00; 2; 1; D; 18E9
13:32:26; 0109; +10.8; +1; 225; 00; 2; 1; D; 81F2
13:32:27; 0109; +12.5; +1; 231; 00; 2; 1; D; C864
13:32:28; 0110; +13.1; +1; 232; 00; 2; 1; D; E297
13:32:29; 0110; +13.2; +1; 232; 00; 2; 1; D; 60F9
13:32:30; 0110; +12.8; +1; 232; 00; 2; 1; D; F31E
13:32:31; 0111; +13.0; +1; 231; 00; 2; 1; D; AF9A
13:32:32; 0111; +13.5; +1; 232; 00; 2; 1; D; 986B
13:32:33; 0111; +12.2; +1; 231; 00; 2; 1; D; 4CEE
13:32:34; 0111; +11.8; +1; 231; 00; 2; 1; D; 8F1F
13:32:35; 0112; +12.2; +1; 226; 00; 2; 1; D; 6F9D
13:32:36; 0112; +12.6; +1; 225; 00; 2; 1; D; A138
13:32:37; 0112; +12.7; +1; 224; 00; 2; 1; D; 013C
13:32:38; 0112; +13.1; +1; 225; 00; 2; 1; D; F48D
13:32:39; 0113; +12.4; +1; 225; 00; 2; 1; D; CFE2
13:32:40; 0113; +11.5; +1; 225; 00; 2; 1; D; 309A
13:32:41; 0113; +11.3; +1; 225; 00; 2; 1; D; 6EF5
13:32:42; 0114; +11.8; +1; 225; 00; 2; 1; D; F112
13:32:43; 0114; +12.5; +1; 226; 00; 2; 1; D; 9869
13:32:44; 0114; +12.3; +1; 226; 00; 2; 1; D; F366
13:32:45; 0114; +12.1; +1; 231; 00; 2; 1; D; 2A4F
13:32:46; 0115; +11.8; +1; 232; 00; 2; 1; D; 1941
13:32:47; 0115; +12.6; +1; 232; 00; 2; 1; D; CA85
13:32:48; 0115; +12.2; +1; 232; 00; 2; 1; D; 9FA0
13:32:49; 0115; +12.4; +1; 232; 00; 2; 1; D; C1CF
13:32:50; 0116; +12.5; +1; 231; 00; 2; 1; D; 94C3
13:32:51; 0116; +12.6; +1; 231; 00; 2; 1; D; 16AD
13:32:52; 0116; +11.8; +1; 232; 00; 2; 1; D; E708
13:32:53; 0117; +12.1; +1; 226; 00; 2; 1; D; A534
13:32:54; 0117; +12.4; +1; 225; 00; 2; 1; D; 7484
13:32:55; 0117; +12.6; +1; 225; 00; 2; 1; D; 0FBE
13:32:56; 0117; +12.6; +1; 225; 00; 2; 1; D; 150E
13:32:57; 0118; +13.0; +1; 225; 00; 2; 1; D; 2D99
13:32:58; 0118; +12.6; +1; 224; 00; 2; 1; D; D828
13:32:59; 0118; +12.3; +1; 225; 00; 2; 1; D; 5D79
13:33:00; 0118; +12.3; +1; 224; 00; 2; 1; D; A981
13:33:01; 0119; +11.9; +1; 231; 00; 2; 1; D; 3083
13:33:02; 0119; +12.1; +1; 231; 00; 2; 1; D; A798
13:33:03; 0119; +12.4; +1; 231; 00; 2; 1; D; B208
13:33:04; 0120; +11.9; +1; 231; 00; 2; 1; D; D3E2
13:33:05; 0120; +11.9; +1; 230; 00; 2; 1; D; 8AB2
13:33:06; 0120; +11.7; +1; 231; 00; 2; 1; D; DD97
13:33:07; 0120; +12.4; +1; 231; 00; 2; 1; D; 98F8
13:33:08; 0121; +12.3; +1; 231; 00; 2; 1; D; 2A23
13:33:09; 0121; +11.9; +1; 225; 00; 2; 1; D; 8FE1
13:33:10; 0121; +11.4; +1; 225; 00; 2; 1; D; F052
13:33:11; 0122; +11.6; +1; 224; 00; 2; 1; D; AFA9
13:33:12; 0122; +12.2; +1; 224; 00; 2; 1; D; 574D
13:33:13; 0122; +12.0; +1; 225; 00; 2; 1; D; BCB6
13:33:14; 0122; +12.2; +1; 225; 00; 2; 1; D; F2EC
13:33:15; 0123; +13.1; +1; 225; 00; 2; 1; D; 5E7D
13:33:16; 0123; +12.8; +1; 224; 00; 2; 1; D; E50C
13:33:17; 0123; +12.7; +1; 231; 00; 2; 1; D; CB0F
13:33:18; 0123; +12.7; +1; 231; 00; 2; 1; D; BB7F
13:33:19; 0124; +12.7; +1; 232; 00; 2; 1; D; 07AC
13:33:20; 0124; +13.1; +1; 231; 00; 2; 1; D; 12E7
13:33:21; 0124; +12.9; +1; 231; 00; 2; 1; D; 1322
13:33:22; 0125; +12.4; +1; 232; 00; 2; 1; D; C278
13:33:23; 0125; +12.6; +1; 231; 00; 2; 1; D; 4802
13:33:24; 0125; +12.7; +1; 231; 00; 2; 1; D; 4DA7
13:33:25; 0125; +12.8; +1; 227; 00; 2; 1; D; 92E4
13:33:26; 0126; +12.3; +1; 225; 00; 2; 1; D; 5C80
13:33:27; 0126; +12.5; +1; 224; 00; 2; 1; D; 922E
13:33:28; 0126; +11.8; +1; 225; 00; 2; 1; D; 2335
13:33:29; 0126; +12.6; +1; 225; 00; 2; 1; D; F0F1
13:33:30; 0127; +12.5; +1; 224; 00; 2; 1; D; 6ED6
13:33:31; 0127; +12.6; +1; 224; 00; 2; 1; D; ECB8
13:33:32; 0127; +13.2; +1; 225; 00; 2; 1; D; C162
13:33:33; 0128; +13.8; +1; 224; 00; 2; 1; D; 8435
13:33:34; 0128; +12.6; +1; 231; 00; 2; 1; D; E4FC
13:33:35; 0128; +13.1; +1; 231; 00; 2; 1; D; C139
13:33:36; 0128; +12.8; +1; 231; 00; 2; 1; D; EA89
13:33:37; 0129; +12.8; +1; 232; 00; 2; 1; D; 7E59
13:33:38; 0129; +12.8; +1; 231; 00; 2; 1; D; FF69
13:33:39; 0129; +12.8; +1; 231; 00; 2; 1; D; 36F8
13:33:40; 0129; +12.6; +1; 231; 00; 2; 1; D; 2A81
13:33:41; 0130; +13.6; +1; 232; 00; 2; 1; D; 9CC6
13:33:42; 0130; +13.1; +1; 231; 00; 2; 1; D; 199C
13:33:43; 0130; +13.1; +1; 225; 00; 2; 1; D; 835E
13:33:44; 0131; +13.1; +1; 225; 00; 2; 1; D; D3AE
13:33:45; 0131; +12.8; +1; 224; 00; 2; 1; D; BBFE
13:33:46; 0131; +12.3; +1; 225; 00; 2; 1; D; 30DA
13:33:47; 0131; +12.1; +1; 225; 00; 2; 1; D; 4BE0
13:33:48; 0132; +12.9; +1; 224; 00; 2; 1; D; 55FB
13:33:49; 0132; +13.1; +1; 224; 00; 2; 1; D; 543E
13:33:50; 0132; +12.1; +1; 225; 00; 2; 1; D; AF19
13:33:51; 0132; +13.0; +1; 231; 00; 2; 1; D; 4E71
13:33:52; 0133; +12.0; +1; 231; 00; 2; 1; D; 7A3E
13:33:53; 0133; +12.5; +1; 230; 00; 2; 1; D; FF6F
13:33:54; 0133; +13.2; +1; 230; 00; 2; 1; D; EFCA
13:33:55; 0134; +12.6; +1; 231; 00; 2; 1; D; 9533
13:33:56; 0134; +12.5; +1; 231; 00; 2; 1; D; C47C
13:33:57; 0134; +12.4; +1; 231; 00; 2; 1; D; F4B9
13:33:58; 0134; +12.7; +1; 230; 00; 2; 1; D; 5FF7
13:33:59; 0135; +12.6; +1; 227; 00; 2; 1; D; 6120
13:34:00; 0135; +13.6; +1; 224; 00; 2; 1; D; 38B0
13:34:01; 0135; +13.5; +1; 225; 00; 2; 1; D; 2A1F
13:34:02; 0136; +13.5; +1; 224; 00; 2; 1; D; 146E
13:34:03; 0136; +13.4; +1; 224; 00; 2; 1; D; 24AB
13:34:04; 0136; +13.4; +1; 224; 00; 2; 1; D; D85A
13:34:05; 0136; +13.4; +1; 224; 00; 2; 1; D; 11CB
13:34:06; 0137; +13.1; +1; 223; 00; 2; 1; D; 4939
13:34:07; 0137; +13.3; +1; 224; 00; 2; 1; D; 0041
13:34:08; 0137; +12.9; +1; 224; 00; 2; 1; D; 0ACE
13:34:09; 0137; +12.9; +1; 224; 00; 2; 1; D; C35F
13:34:10; 0138; +12.9; +1; 228; 00; 2; 1; D; CB44
13:34:11; 0138; +12.7; +1; 231; 00; 2; 1; D; 1916
13:34:12; 0138; +12.8; +1; 231; 00; 2; 1; D; 27A6
13:34:13; 0139; +12.8; +1; 230; 00; 2; 1; D; D2F7
13:34:14; 0139; +13.0; +1; 230; 00; 2; 1; D; E652
13:34:15; 0139; +12.4; +1; 231; 00; 2; 1; D; 18A9
13:34:16; 0139; +12.0; +1; 231; 00; 2; 1; D; 274C
13:34:17; 0140; +12.4; +1; 230; 00; 2; 1; D; 5649
13:34:18; 0140; +13.5; +1; 231; 00; 2; 1; D; CD52
13:34:19; 0140; +12.7; +1; 231; 00; 2; 1; D; 3496
13:34:20; 0140; +12.6; +1; 224; 00; 2; 1; D; FF5B
13:34:21; 0141; +13.0; +1; 224; 00; 2; 1; D; 8FCB
13:34:22; 0141; +12.7; +1; 224; 00; 2; 1; D; 792F
13:34:23; 0141; +13.3; +1; 224; 00; 2; 1; D; 1715
13:34:24; 0142; +12.7; +1; 224; 00; 2; 1; D; F84F
13:34:25; 0142; +12.7; +1; 224; 00; 2; 1; D; 31DE
13:34:26; 0142; +12.7; +1; 224; 00; 2; 1; D; 2B6E
13:34:27; 0142; +12.6; +1; 224; 00; 2; 1; D; 1BAB
13:34:28; 0143; +12.9; +1; 231; 00; 2; 1; D; 2048
13:34:29; 0143; +13.0; +1; 231; 00; 2; 1; D; D8D9
13:34:30; 0143; +12.9; +1; 231; 00; 2; 1; D; 00C1
13:34:31; 0143; +13.0; +1; 231; 00; 2; 1; D; F850
13:34:32; 0144; +13.3; +1; 230; 00; 2; 1; D; BDDC
13:34:33; 0144; +12.6; +1; 231; 00; 2; 1; D; BA73
13:34:34; 0144; +12.7; +1; 231; 00; 2; 1; D; BFD6
13:34:35; 0145; +13.1; +1; 231; 00; 2; 1; D; CF46
13:34:36; 0145; +13.3; +1; 230; 00; 2; 1; D; F79C
13:34:37; 0145; +13.2; +1; 224; 00; 2; 1; D; 940A
13:34:38; 0145; +12.6; +1; 224; 00; 2; 1; D; 43D1
13:34:39; 0146; +12.7; +1; 225; 00; 2; 1; D; 57D5
13:34:40; 0146; +12.7; +1; 224; 00; 2; 1; D; 0639
13:34:41; 0146; +12.7; +1; 223; 00; 2; 1; D; FDEA
13:34:42; 0147; +12.7; +1; 224; 00; 2; 1; D; 7919
13:34:43; 0147; +12.8; +1; 224; 00; 2; 1; D; 9488
13:34:44; 0147; +12.6; +1; 224; 00; 2; 1; D; B52D
13:34:45; 0147; +12.7; +1; 229; 00; 2; 1; D; 102C
13:34:46; 0148; +12.7; +1; 230; 00; 2; 1; D; 280D
13:34:47; 0148; +12.7; +1; 230; 00; 2; 1; D; E19C
13:34:48; 0148; +12.8; +1; 231; 00; 2; 1; D; 252D
13:34:49; 0148; +13.0; +1; 230; 00; 2; 1; D; B429
13:34:50; 0149; +12.6; +1; 230; 00; 2; 1; D; E430
13:34:51; 0149; +12.7; +1; 231; 00; 2; 1; D; 4434
13:34:52; 0149; +12.6; +1; 230; 00; 2; 1; D; 3711
13:34:53; 0150; +12.2; +1; 230; 00; 2; 1; D; D7BD
13:34:54; 0150; +13.2; +1; 225; 00; 2; 1; D; 6A20
13:34:55; 0150; +13.2; +1; 224; 00; 2; 1; D; 3370
13:34:56; 0150; +13.0; +1; 225; 00; 2; 1; D; 0BAA
13:34:57; 0151; +13.1; +1; 224; 00; 2; 1; D; 07AF
13:34:58; 0151; +13.2; +1; 223; 00; 2; 1; D; 0E62
13:34:59; 0151; +12.5; +1; 224; 00; 2; 1; D; 19E5
13:35:00; 0151; +12.9; +1; 225; 00; 2; 1; D; 82E2
13:35:01; 0152; +12.4; +1; 224; 00; 2; 1; D; F919
13:35:02; 0152; +13.1; +1; 224; 00; 2; 1; D; BD56
13:35:03; 0152; +12.4; +1; 224; 00; 2; 1; D; 2A38
13:35:04; 0153; +14.0; +1; 231; 00; 2; 1; D; 520E
13:35:05; 0153; +13.2; +1; 231; 00; 2; 1; D; 65CB
13:35:06; 0153; +13.2; +1; 230; 00; 2; 1; D; EFBA
13:35:07; 0153; +13.2; +1; 230; 00; 2; 1; D; 262B
13:35:08; 0154; +12.9; +1; 231; 00; 2; 1; D; C133
13:35:09; 0154; +13.3; +1; 230; 00; 2; 1; D; E29C
13:35:10; 0154; +12.9; +1; 230; 00; 2; 1; D; 717B
13:35:11; 0154; +13.1; +1; 230; 00; 2; 1; D; 70BE
13:35:12; 0155; +13.7; +1; 226; 00; 2; 1; D; 6323
13:35:13; 0155; +13.3; +1; 224; 00; 2; 1; D; EE66
13:35:14; 0155; +13.0; +1; 224; 00; 2; 1; D; 5968
13:35:15; 0156; +12.7; +1; 224; 00; 2; 1; D; C8AD
13:35:16; 0156; +12.7; +1; 223; 00; 2; 1; D; E05F
13:35:17; 0156; +13.0; +1; 224; 00; 2; 1; D; F7D8
13:35:18; 0156; +13.2; +1; 223; 00; 2; 1; D; 0741
13:35:19; 0157; +12.8; +1; 224; 00; 2; 1; D; 2A6C
13:35:20; 0157; +12.9; +1; 226; 00; 2; 1; D; 43B2
13:35:21; 0157; +13.1; +1; 229; 00; 2; 1; D; B632
13:35:22; 0157; +12.8; +1; 230; 00; 2; 1; D; 5B15
13:35:23; 0158; +13.0; +1; 231; 00; 2; 1; D; 2E17
13:35:24; 0158; +12.9; +1; 230; 00; 2; 1; D; 7327
13:35:25; 0158; +12.5; +1; 230; 00; 2; 1; D; D549
13:35:26; 0159; +12.6; +1; 230; 00; 2; 1; D; 2807
13:35:27; 0159; +13.0; +1; 231; 00; 2; 1; D; 6457
13:35:28; 0159; +13.0; +1; 231; 00; 2; 1; D; 1427
13:35:29; 0159; +13.3; +1; 228; 00; 2; 1; D; 50DE
13:35:30; 0160; +12.9; +1; 224; 00; 2; 1; D; 0A8D
13:35:31; 0160; +12.9; +1; 225; 00; 2; 1; D; 53DD
13:35:32; 0160; +13.0; +1; 225; 00; 2; 1; D; 786D
13:35:33; 0161; +12.9; +1; 224; 00; 2; 1; D; BC3C
13:35:34; 0161; +13.1; +1; 224; 00; 2; 1; D; 8899
13:35:35; 0161; +14.0; +1; 224; 00; 2; 1; D; F4A3
13:35:36; 0161; +13.8; +1; 225; 00; 2; 1; D; 7887
13:35:37; 0162; +13.2; +1; 224; 00; 2; 1; D; 6DD6
13:35:38; 0162; +12.8; +1; 229; 00; 2; 1; D; F29D
13:35:39; 0162; +12.4; +1; 230; 00; 2; 1; D; 9264
13:35:40; 0162; +13.0; +1; 231; 00; 2; 1; D; 6423
13:35:41; 0163; +12.7; +1; 231; 00; 2; 1; D; EDE7
13:35:42; 0163; +12.9; +1; 230; 00; 2; 1; D; BAC2
13:35:43; 0163; +13.0; +1; 230; 00; 2; 1; D; 4253
13:35:44; 0164; +13.1; +1; 231; 00; 2; 1; D; 5335
13:35:45; 0164; +14.0; +1; 231; 00; 2; 1; D; 2F0F
13:35:46; 0164; +13.6; +1; 231; 00; 2; 1; D; EEBE
13:35:47; 0164; +14.0; +1; 226; 00; 2; 1; D; 5E3D
13:35:48; 0165; +13.4; +1; 224; 00; 2; 1; D; 8A67
13:35:49; 0165; +13.1; +1; 225; 00; 2; 1; D; 0F36
13:35:50; 0165; +12.6; +1; 224; 00; 2; 1; D; 9ABB
13:35:51; 0165; +12.8; +1; 224; 00; 2; 1; D; 8E7E
13:35:52; 0166; +13.2; +1; 224; 00; 2; 1; D; 5A31
13:35:53; 0166; +13.1; +1; 225; 00; 2; 1; D; 489E
13:35:54; 0166; +12.5; +1; 224; 00; 2; 1; D; 8305
13:35:55; 0167; +12.7; +1; 224; 00; 2; 1; D; 543E
13:35:56; 0167; +13.1; +1; 226; 00; 2; 1; D; 3A0F
13:35:57; 0167; +13.3; +1; 231; 00; 2; 1; D; E326
13:35:58; 0167; +13.0; +1; 231; 00; 2; 1; D; D8A9
13:35:59; 0168; +13.4; +1; 230; 00; 2; 1; D; 40AA
13:36:00; 0168; +13.3; +1; 230; 00; 2; 1; D; 7034
13:36:01; 0168; +13.1; +1; 230; 00; 2; 1; D; 0B0E
13:36:02; 0168; +13.4; +1; 230; 00; 2; 1; D; CDBF
13:36:03; 0169; +13.7; +1; 230; 00; 2; 1; D; E3D0
13:36:04; 0169; +13.2; +1; 230; 00; 2; 1; D; C320
13:36:05; 0169; +13.3; +1; 230; 00; 2; 1; D; F3E5
13:36:06; 0170; +13.3; +1; 230; 00; 2; 1; D; E53D
13:36:07; 0170; +13.2; +1; 225; 00; 2; 1; D; 166A
13:36:08; 0170; +13.4; +1; 225; 00; 2; 1; D; F1E4
13:36:09; 0170; +13.6; +1; 225; 00; 2; 1; D; 8ADE
13:36:10; 0171; +13.7; +1; 223; 00; 2; 1; D; 9410
13:36:11; 0171; +12.8; +1; 224; 00; 2; 1; D; C93D
13:36:12; 0171; +13.0; +1; 225; 00; 2; 1; D; 8B18
13:36:13; 0171; +13.0; +1; 224; 00; 2; 1; D; D248
13:36:14; 0172; +12.9; +1; 224; 00; 2; 1; D; ABB9
13:36:15; 0172; +12.9; +1; 224; 00; 2; 1; D; 6228
13:36:16; 0172; +13.6; +1; 230; 00; 2; 1; D; 8D35
13:36:17; 0173; +13.7; +1; 230; 00; 2; 1; D; 11F1
13:36:18; 0173; +13.3; +1; 230; 00; 2; 1; D; 44D4
13:36:19; 0173; +13.7; +1; 230; 00; 2; 1; D; A810
13:36:20; 0173; +14.1; +1; 231; 00; 2; 1; D; 12DB
13:36:21; 0174; +13.5; +1; 230; 00; 2; 1; D; A623
13:36:22; 0174; +13.6; +1; 230; 00; 2; 1; D; F76C
13:36:23; 0174; +14.3; +1; 230; 00; 2; 1; D; AE03
13:36:24; 0175; +14.1; +1; 230; 00; 2; 1; D; 4C58
13:36:25; 0175; +13.6; +1; 226; 00; 2; 1; D; 954E
13:36:26; 0175; +13.2; +1; 224; 00; 2; 1; D; CB2A
13:36:27; 0175; +13.7; +1; 224; 00; 2; 1; D; DEBA
13:36:28; 0176; +13.7; +1; 224; 00; 2; 1; D; 1ACA
13:36:29; 0176; +13.7; +1; 224; 00; 2; 1; D; D35B
13:36:30; 0176; +13.4; +1; 224; 00; 2; 1; D; 71BC
13:36:31; 0176; +13.8; +1; 224; 00; 2; 1; D; D7D2
13:36:32; 0177; +13.7; +1; 224; 00; 2; 1; D; 4563
13:36:33; 0177; +14.0; +1; 224; 00; 2; 1; D; AEA7
13:36:34; 0177; +14.2; +1; 231; 00; 2; 1; D; 236F
13:36:35; 0178; +13.8; +1; 231; 00; 2; 1; D; BA06
13:36:36; 0178; +13.7; +1; 231; 00; 2; 1; D; 84B6
13:36:37; 0178; +13.8; +1; 230; 00; 2; 1; D; F9E6
13:36:38; 0178; +14.1; +1; 230; 00; 2; 1; D; 7697
13:36:39; 0179; +14.5; +1; 230; 00; 2; 1; D; 3652
13:36:40; 0179; +13.9; +1; 230; 00; 2; 1; D; D47F
13:36:41; 0179; +13.9; +1; 230; 00; 2; 1; D; 1DEE
13:36:42; 0179; +13.6; +1; 228; 00; 2; 1; D; 7508
13:36:43; 0180; +14.5; +1; 224; 00; 2; 1; D; 70FD
13:36:44; 0180; +14.0; +1; 224; 00; 2; 1; D; 500D
13:36:45; 0180; +14.3; +1; 224; 00; 2; 1; D; D263
13:36:46; 0181; +13.9; +1; 224; 00; 2; 1; D; D02C
13:36:47; 0181; +13.8; +1; 224; 00; 2; 1; D; E0E9
13:36:48; 0181; +14.0; +1; 224; 00; 2; 1; D; 96CC
13:36:49; 0181; +13.7; +1; 224; 00; 2; 1; D; 7D08
13:36:50; 0182; +13.5; +1; 224; 00; 2; 1; D; 92BB
13:36:51; 0182; +14.0; +1; 228; 00; 2; 1; D; CED1
13:36:52; 0182; +13.5; +1; 230; 00; 2; 1; D; 12C9
13:36:53; 0182; +13.8; +1; 231; 00; 2; 1; D; DD32
13:36:54; 0183; +14.3; +1; 231; 00; 2; 1; D; C068
13:36:55; 0183; +14.2; +1; 230; 00; 2; 1; D; 606C
13:36:56; 0183; +14.4; +1; 230; 00; 2; 1; D; ED22
13:36:57; 0184; +14.1; +1; 230; 00; 2; 1; D; 7CB0
13:36:58; 0184; +14.5; +1; 231; 00; 2; 1; D; B954
13:36:59; 0184; +13.8; +1; 225; 00; 2; 1; D; F9C2
13:37:00; 0184; +13.7; +1; 224; 00; 2; 1; D; 293A
13:37:01; 0186; +13.8; +1; 224; 00; 2; 1; D; DCAA
13:37:02; 0186; +14.3; +1; 223; 00; 2; 1; D; B9F2
13:37:03; 0186; +14.3; +1; 223; 00; 2; 1; D; 7063
13:37:04; 0186; +13.6; +1; 224; 00; 2; 1; D; 2E2E
13:37:05; 0187; +13.8; +1; 224; 00; 2; 1; D; 96EA
13:37:06; 0187; +13.8; +1; 224; 00; 2; 1; D; 8C5A
13:37:07; 0187; +13.9; +1; 226; 00; 2; 1; D; DD1E
13:37:08; 0188; +14.1; +1; 231; 00; 2; 1; D; ED2E
13:37:09; 0188; +14.5; +1; 231; 00; 2; 1; D; 01EA
13:37:10; 0188; +13.9; +1; 230; 00; 2; 1; D; 5B33
13:37:11; 0188; +14.0; +1; 230; 00; 2; 1; D; 6DA3
13:37:12; 0189; +14.0; +1; 230; 00; 2; 1; D; DB12
13:37:13; 0189; +14.0; +1; 231; 00; 2; 1; D; 8242
13:37:14; 0189; +14.4; +1; 231; 00; 2; 1; D; 5BE6
13:37:15; 0189; +14.6; +1; 230; 00; 2; 1; D; B01D
13:37:16; 0190; +14.5; +1; 225; 00; 2; 1; D; 2EA8
13:37:17; 0190; +14.9; +1; 224; 00; 2; 1; D; 1807
13:37:18; 0190; +14.7; +1; 224; 00; 2; 1; D; B523
13:37:19; 0191; +13.8; +1; 224; 00; 2; 1; D; B84C
13:37:20; 0191; +14.6; +1; 223; 00; 2; 1; D; EAAE
13:37:21; 0191; +14.9; +1; 224; 00; 2; 1; D; 357D
13:37:22; 0191; +14.8; +1; 224; 00; 2; 1; D; D699
13:37:23; 0192; +14.6; +1; 224; 00; 2; 1; D; 765C
13:37:24; 0192; +14.4; +1; 228; 00; 2; 1; D; 3D03
13:37:25; 0192; +14.4; +1; 230; 00; 2; 1; D; A2C4
13:37:26; 0193; +14.4; +1; 230; 00; 2; 1; D; 1475
13:37:27; 0193; +14.2; +1; 231; 00; 2; 1; D; DADB
13:37:28; 0193; +14.3; +1; 230; 00; 2; 1; D; C33E
13:37:29; 0193; +14.4; +1; 230; 00; 2; 1; D; 6405
13:37:30; 0194; +14.0; +1; 231; 00; 2; 1; D; BC8B
13:37:31; 0194; +13.4; +1; 231; 00; 2; 1; D; 1CB0
13:37:32; 0194; +13.3; +1; 230; 00; 2; 1; D; F86B
13:37:33; 0194; +13.6; +1; 230; 00; 2; 1; D; EDFB
13:37:34; 0195; +13.5; +1; 225; 00; 2; 1; D; 3566
13:37:35; 0195; +13.8; +1; 224; 00; 2; 1; D; FA9D
13:37:36; 0195; +14.0; +1; 224; 00; 2; 1; D; E678
13:37:37; 0196; +14.1; +1; 224; 00; 2; 1; D; 62BD
//13:37:38; 0196; +14.2; +1; 224; 00; 2; 1; D; 5932
13:37:39; 0196; +14.1; +1; 224; 00; 2; 1; D; DB5C
13:37:40; 0196; +13.9; +1; 225; 00; 2; 1; D; 8CE5
13:37:41; 0197; +14.3; +1; 225; 00; 2; 1; D; 5D8B
13:37:42; 0197; +14.0; +1; 229; 00; 2; 1; D; 09C1
13:37:43; 0197; +13.7; +1; 230; 00; 2; 1; D; 2492
13:37:44; 0197; +13.8; +1; 230; 00; 2; 1; D; FC63
13:37:45; 0198; +14.1; +1; 231; 00; 2; 1; D; BE34
13:37:46; 0198; +13.9; +1; 231; 00; 2; 1; D; A2D1
13:37:47; 0198; +14.2; +1; 231; 00; 2; 1; D; 26EA
13:37:48; 0199; +14.2; +1; 230; 00; 2; 1; D; 6A5A
13:37:49; 0199; +14.0; +1; 231; 00; 2; 1; D; 81A1
13:37:50; 0199; +13.8; +1; 226; 00; 2; 1; D; CCFF
13:37:51; 0199; +14.0; +1; 224; 00; 2; 1; D; 62BA
13:37:52; 0200; +13.8; +1; 224; 00; 3; 1; S; 52EB
13:37:53; 0200; +15.0; +1; 224; 00; 3; 1; S; 1FD1
13:37:54; 0200; +16.5; +1; 224; 00; 3; 1; S; F820
13:37:55; 0200; +16.8; +1; 224; 00; 3; 1; S; A71A
13:37:56; 0200; +16.9; +1; 224; 00; 3; 1; S; 44FE
13:37:57; 0200; +16.9; +1; 224; 00; 3; 1; S; 8D6F
13:37:58; 0200; +17.0; +1; 224; 00; 3; 1; S; CC1F
13:37:59; 0200; +17.1; +1; 224; 00; 3; 1; S; FCDA
13:38:00; 0200; +17.1; +1; 224; 00; 3; 1; S; 3EC0
13:38:01; 0200; +17.1; +1; 224; 00; 3; 1; S; F751
13:38:02; 0200; +17.1; +1; 230; 00; 3; 1; U; BF52
13:38:03; 0200; +21.6; +1; 231; 00; 3; 1; U; 86AF
13:38:04; 0200; +23.8; +1; 231; 00; 3; 1; U; E2F5
13:38:05; 0199; +23.4; +1; 230; 00; 3; 1; U; 6C53
13:38:06; 0199; +23.3; +1; 230; 00; 3; 1; U; 1849
13:38:07; 0198; +23.3; +1; 231; 00; 3; 1; U; ED18
13:38:08; 0198; +22.8; +1; 225; 00; 3; 1; U; 4D90
13:38:09; 0198; +22.1; +1; 225; 00; 3; 1; U; 37FF
13:38:10; 0197; +22.4; +1; 224; 00; 3; 1; U; 7621
13:38:11; 0197; +22.4; +1; 224; 00; 3; 1; U; BFB0
13:38:12; 0197; +22.1; +1; 225; 00; 3; 1; U; E9C0
13:38:13; 0196; +22.3; +1; 224; 00; 3; 1; U; AE3A
13:38:14; 0196; +22.3; +1; 224; 00; 3; 1; U; 52CB
13:38:15; 0196; +22.2; +1; 224; 00; 3; 1; U; 620E
13:38:16; 0195; +22.9; +1; 224; 00; 3; 1; U; CDEB
13:38:17; 0195; +22.7; +1; 231; 00; 3; 1; U; 1ABC
13:38:18; 0194; +22.9; +1; 231; 00; 3; 1; U; 1B99
13:38:19; 0194; +22.6; +1; 230; 00; 3; 1; U; 66C9
13:38:20; 0194; +22.8; +1; 230; 00; 3; 1; U; 4A96
13:38:21; 0193; +22.6; +1; 231; 00; 3; 1; U; 4A90
13:38:22; 0193; +22.2; +1; 231; 00; 3; 1; U; 7575
13:38:23; 0193; +22.0; +1; 230; 00; 3; 1; U; 9E8E
13:38:24; 0192; +22.2; +1; 230; 00; 3; 1; U; 7CD5
13:38:25; 0192; +21.9; +1; 231; 00; 3; 1; U; E3D1
13:38:26; 0192; +22.0; +1; 225; 00; 3; 1; U; DECD
13:38:27; 0191; +21.7; +1; 225; 00; 3; 1; U; 0AF7
13:38:28; 0191; +22.0; +1; 225; 00; 3; 1; U; D32C
13:38:29; 0190; +22.3; +1; 224; 00; 3; 1; U; 6D82
13:38:30; 0190; +21.6; +1; 225; 00; 3; 1; U; 0F5B
13:38:31; 0190; +21.8; +1; 225; 00; 3; 1; U; 1B9E
13:38:32; 0189; +22.0; +1; 224; 00; 3; 1; U; 102C
13:38:33; 0189; +22.2; +1; 225; 00; 3; 1; U; FBD7
13:38:34; 0189; +21.9; +1; 228; 00; 3; 1; U; 54B6
13:38:35; 0188; +22.0; +1; 231; 00; 3; 1; U; 834E
13:38:36; 0188; +22.4; +1; 231; 00; 3; 1; U; BCAB
13:38:37; 0188; +21.6; +1; 231; 00; 3; 1; U; 0090
13:38:38; 0187; +22.3; +1; 231; 00; 3; 1; U; 8FE6
13:38:39; 0187; +21.9; +1; 231; 00; 3; 1; U; 7977
13:38:40; 0186; +22.2; +1; 231; 00; 3; 1; U; D20F
13:38:41; 0186; +22.2; +1; 231; 00; 3; 1; U; 1B9E
13:38:42; 0186; +22.1; +1; 231; 00; 3; 1; U; 4AD1
13:38:43; 0185; +21.7; +1; 225; 00; 3; 1; U; 34EC
13:38:44; 0185; +22.2; +1; 225; 00; 3; 1; U; D31D
13:38:45; 0185; +21.8; +1; 225; 00; 3; 1; U; 258C
13:38:46; 0184; +22.0; +1; 224; 00; 3; 1; U; 8E57
13:38:47; 0184; +21.8; +1; 225; 40; 3; 1; U; DEA2
13:38:48; 0184; +21.7; +1; 225; 40; 3; 1; U; 8AD2
13:38:49; 0183; +22.0; +1; 224; 00; 3; 1; U; 7A25
13:38:50; 0183; +22.1; +1; 225; 100; 3; 1; U; F5AC
13:38:51; 0183; +21.6; +1; 225; 100; 3; 1; U; E64C
13:38:52; 0182; +21.9; +1; 225; 00; 3; 1; U; 0823
13:38:53; 0182; +21.7; +1; 227; 00; 3; 1; U; 7D67
13:38:54; 0181; +21.7; +1; 231; 00; 3; 1; U; 0744
13:38:55; 0181; +21.4; +1; 232; 00; 3; 1; U; 746A
13:38:56; 0181; +21.6; +1; 231; 00; 3; 1; U; 2D31
13:38:57; 0180; +21.7; +1; 231; 00; 3; 1; U; B1F5
13:38:58; 0180; +21.8; +1; 232; 00; 3; 1; U; 14C5
13:38:59; 0180; +21.5; +1; 231; 00; 3; 1; U; BABF
13:39:00; 0179; +21.6; +1; 231; 00; 3; 1; U; 5B18
13:39:01; 0179; +22.1; +1; 231; 00; 3; 1; U; 3B22
13:39:02; 0179; +22.3; +1; 231; 00; 3; 1; U; 9339
13:39:03; 0178; +21.6; +1; 226; 00; 3; 1; U; 4FBA
13:39:04; 0178; +21.8; +1; 225; 00; 3; 1; U; 9F5F
13:39:05; 0177; +22.0; +1; 224; 00; 3; 1; U; AFA2
13:39:06; 0177; +21.3; +1; 224; 00; 3; 1; U; 39EC
13:39:07; 0177; +21.3; +1; 225; 00; 3; 1; U; 60BC
13:39:08; 0176; +21.3; +1; 225; 00; 3; 1; U; BCCD
13:39:09; 0176; +21.3; +1; 225; 00; 3; 1; U; 755C
13:39:10; 0176; +21.4; +1; 224; 00; 3; 1; U; 622F
13:39:11; 0175; +21.8; +1; 228; 00; 3; 1; U; 7544
13:39:12; 0175; +21.8; +1; 231; 00; 3; 1; U; A963
13:39:13; 0175; +22.4; +1; 230; 00; 3; 1; U; 58CD
13:39:14; 0174; +21.5; +1; 231; 00; 3; 1; U; A6A9
13:39:15; 0174; +21.4; +1; 231; 00; 3; 1; U; 966C
13:39:16; 0173; +21.9; +1; 231; 00; 3; 1; U; 9E75
13:39:17; 0173; +21.4; +1; 230; 00; 3; 1; U; 518E
13:39:18; 0173; +21.3; +1; 231; 00; 3; 1; U; DF95
13:39:19; 0172; +21.6; +1; 231; 00; 3; 1; U; 6604
13:39:20; 0172; +21.5; +1; 231; 00; 3; 1; U; DCF0
13:39:21; 0172; +21.4; +1; 226; 00; 3; 1; U; 4E26
13:39:22; 0171; +21.0; +1; 224; 00; 3; 1; U; A442
13:39:23; 0171; +21.8; +1; 224; 00; 3; 1; U; 2779
13:39:24; 0171; +21.8; +1; 224; 00; 3; 1; U; DB88
13:39:25; 0170; +21.7; +1; 225; 00; 3; 1; U; 0AD9
13:39:26; 0170; +21.6; +1; 225; 00; 3; 1; U; E93D
13:39:27; 0169; +21.5; +1; 225; 00; 3; 1; U; 673B
13:39:28; 0169; +21.4; +1; 224; 00; 3; 1; U; 7EDE
13:39:29; 0169; +21.7; +1; 226; 00; 3; 1; U; 9D31
13:39:30; 0168; +21.8; +1; 232; 00; 3; 1; U; AF7B
13:39:31; 0168; +21.5; +1; 231; 00; 3; 1; U; 0101
13:39:32; 0168; +21.4; +1; 231; 00; 3; 1; U; E2E5
13:39:33; 0167; +21.6; +1; 230; 00; 3; 1; U; ED18
13:39:34; 0167; +21.5; +1; 231; 00; 3; 1; U; CAD7
13:39:35; 0167; +21.6; +1; 231; 00; 3; 1; U; 48B9
13:39:36; 0166; +21.5; +1; 231; 00; 3; 1; U; B5F7
13:39:37; 0166; +21.3; +1; 231; 00; 3; 1; U; EB98
13:39:38; 0166; +21.4; +1; 230; 00; 3; 1; U; 6583
13:39:39; 0165; +21.2; +1; 224; 00; 3; 1; U; DCBF
13:39:40; 0165; +21.6; +1; 225; 00; 3; 1; U; A806
13:39:41; 0164; +21.4; +1; 224; 00; 3; 1; U; EFFC
13:39:42; 0164; +21.6; +1; 225; 00; 3; 1; U; D726
13:39:43; 0164; +20.9; +1; 225; 00; 3; 1; U; B849
13:39:44; 0163; +21.6; +1; 224; 00; 3; 1; U; F685
13:39:45; 0163; +21.5; +1; 224; 00; 3; 1; U; 74EB
13:39:46; 0163; +21.5; +1; 224; 00; 3; 1; U; 6E5B
13:39:47; 0162; +21.4; +1; 230; 00; 3; 1; U; A1CC
13:39:48; 0162; +21.5; +1; 231; 00; 3; 1; U; B829
13:39:49; 0162; +21.3; +1; 231; 00; 3; 1; U; E646
13:39:50; 0161; +21.4; +1; 230; 00; 3; 1; U; 4535
13:39:51; 0161; +21.3; +1; 231; 00; 3; 1; U; 72CF
13:39:52; 0160; +21.4; +1; 231; 00; 3; 1; U; AAD4
13:39:53; 0160; +21.4; +1; 231; 00; 3; 1; U; 6345
13:39:54; 0160; +22.1; +1; 231; 00; 3; 1; U; 84B4
13:39:55; 0159; +21.3; +1; 231; 00; 3; 1; U; F43E
13:39:56; 0159; +21.6; +1; 230; 00; 3; 1; U; A24E
13:39:57; 0159; +21.6; +1; 224; 00; 3; 1; U; 388C
13:39:58; 0158; +21.5; +1; 224; 00; 3; 1; U; AF02
13:39:59; 0158; +21.3; +1; 224; 00; 3; 1; U; F16D
13:40:00; 0158; +21.7; +1; 225; 00; 3; 1; U; 0406
13:40:01; 0157; +21.7; +1; 224; 00; 3; 1; U; B950
13:40:02; 0157; +21.2; +1; 224; 00; 3; 1; U; 7FE1
13:40:03; 0156; +21.1; +1; 225; 00; 3; 1; U; C14F
13:40:04; 0156; +21.6; +1; 224; 00; 3; 1; U; C3D5
13:40:05; 0156; +21.7; +1; 229; 00; 3; 1; U; 66D4
13:40:06; 0155; +21.7; +1; 230; 00; 3; 1; U; 0EF3
13:40:07; 0155; +21.4; +1; 230; 00; 3; 1; U; 8C9D
13:40:08; 0155; +21.7; +1; 231; 00; 3; 1; U; 27D3
13:40:09; 0154; +22.0; +1; 231; 00; 3; 1; U; EBE8
13:40:10; 0154; +21.6; +1; 230; 00; 3; 1; U; C2CE
13:40:11; 0154; +21.5; +1; 231; 00; 3; 1; U; D061
13:40:12; 0153; +21.2; +1; 230; 00; 3; 1; U; B0B8
13:40:13; 0153; +21.8; +1; 231; 00; 3; 1; U; 11E9
13:40:14; 0153; +21.4; +1; 230; 00; 3; 1; U; 1226
13:40:15; 0152; +21.3; +1; 231; 00; 3; 1; U; 89DD
13:40:16; 0152; +21.1; +1; 225; 00; 3; 1; U; 7295
13:40:17; 0151; +21.2; +1; 224; 00; 3; 1; U; D43A
13:40:18; 0151; +21.6; +1; 224; 00; 3; 1; U; 811F
13:40:19; 0151; +21.4; +1; 225; 00; 3; 1; U; 6AE4
13:40:20; 0150; +21.4; +1; 224; 00; 3; 1; U; A72F
13:40:21; 0150; +20.8; +1; 224; 00; 3; 1; U; 83BF
13:40:22; 0150; +21.6; +1; 224; 00; 3; 1; U; C6A5
13:40:23; 0149; +21.4; +1; 224; 00; 3; 1; U; B1F7
13:40:24; 0149; +21.4; +1; 229; 00; 3; 1; U; D8C2
13:40:25; 0149; +21.3; +1; 231; 00; 3; 1; U; 29AF
13:40:26; 0148; +20.8; +1; 231; 00; 3; 1; U; 1CB5
13:40:27; 0148; +21.2; +1; 230; 00; 3; 1; U; 3F1A
13:40:28; 0147; +21.5; +1; 231; 00; 3; 1; U; 5507
13:40:29; 0147; +21.5; +1; 231; 00; 3; 1; U; 9C96
13:40:30; 0147; +21.9; +1; 231; 00; 3; 1; U; 1A71
13:40:31; 0146; +21.6; +1; 231; 00; 3; 1; U; 5BE1
13:40:32; 0146; +21.2; +1; 231; 00; 3; 1; U; 6404
13:40:33; 0146; +21.6; +1; 225; 00; 3; 1; U; DB93
13:40:34; 0145; +21.5; +1; 224; 00; 3; 1; U; 485C
13:40:35; 0145; +21.6; +1; 225; 00; 3; 1; U; 5AF3
13:40:36; 0145; +21.5; +1; 224; 00; 3; 1; U; 9B7D
13:40:37; 0144; +21.7; +1; 225; 00; 3; 1; U; DC87
13:40:38; 0144; +21.5; +1; 225; 00; 3; 1; U; 1E5C
13:40:39; 0143; +21.6; +1; 224; 00; 3; 1; U; 88F1
13:40:40; 0143; +22.1; +1; 224; 00; 3; 1; U; E077
13:40:41; 0143; +22.0; +1; 224; 00; 3; 1; U; D0B2
13:40:42; 0142; +22.2; +1; 224; 00; 3; 1; U; D4A8
13:40:43; 0142; +21.0; +1; 226; 00; 3; 1; U; 0912
13:40:44; 0142; +20.9; +1; 231; 00; 3; 1; U; 66F0
13:40:45; 0141; +20.7; +1; 231; 00; 3; 1; U; C635
13:40:46; 0141; +21.3; +1; 231; 00; 3; 1; U; 7B2E
13:40:47; 0141; +21.4; +1; 231; 00; 3; 1; U; DC15
13:40:48; 0140; +21.3; +1; 230; 00; 3; 1; U; FE0F
13:40:49; 0140; +21.3; +1; 231; 00; 3; 1; U; A75F
13:40:50; 0139; +21.2; +1; 231; 00; 3; 1; U; BA13
13:40:51; 0139; +21.6; +1; 231; 00; 3; 1; U; 56D7
13:40:52; 0139; +21.8; +1; 224; 00; 3; 1; U; 52A1
13:40:53; 0138; +21.7; +1; 225; 00; 3; 1; U; 83F0
13:40:54; 0138; +21.3; +1; 225; 00; 3; 1; U; 5A54
13:40:55; 0138; +21.3; +1; 224; 00; 3; 1; U; 0304
13:40:56; 0137; +21.5; +1; 224; 00; 3; 1; U; 6A4C
13:40:57; 0137; +21.1; +1; 225; 00; 3; 1; U; 1649
13:40:58; 0137; +21.2; +1; 224; 00; 3; 1; U; BD07
13:40:59; 0136; +21.4; +1; 224; 00; 3; 1; U; 4F69
13:41:00; 0136; +21.0; +1; 224; 00; 3; 1; U; 0E05
13:41:01; 0136; +21.3; +1; 225; 00; 3; 1; U; 1CAA
13:41:02; 0135; +21.3; +1; 230; 00; 3; 1; U; 7188
13:41:03; 0135; +21.4; +1; 231; 00; 3; 1; U; 4672
13:41:04; 0134; +21.5; +1; 230; 00; 3; 1; U; 7F17
13:41:05; 0134; +21.5; +1; 231; 00; 3; 1; U; 2647
13:41:06; 0134; +21.2; +1; 231; 00; 3; 1; U; 525D
13:41:07; 0133; +20.9; +1; 230; 00; 3; 1; U; 0CA4
13:41:08; 0133; +21.2; +1; 231; 00; 3; 1; U; 6FBE
13:41:09; 0133; +21.4; +1; 231; 00; 3; 1; U; 31D1
13:41:10; 0132; +21.3; +1; 231; 00; 3; 1; U; 1A62
13:41:11; 0132; +21.1; +1; 230; 00; 3; 1; U; F199
13:41:12; 0132; +21.2; +1; 226; 00; 3; 1; U; 9204
13:41:13; 0131; +21.0; +1; 224; 00; 3; 1; U; 3CBF
13:41:14; 0131; +20.9; +1; 225; 00; 3; 1; U; 618F
13:41:15; 0130; +20.7; +1; 224; 00; 3; 1; U; 498A
13:41:16; 0130; +20.9; +1; 224; 00; 3; 1; U; 8E6E
13:41:17; 0130; +20.9; +1; 225; 00; 3; 1; U; D73E
13:41:18; 0129; +20.7; +1; 224; 00; 3; 1; U; E6B3
13:41:19; 0129; +20.4; +1; 224; 00; 3; 1; U; 64DD
13:41:20; 0129; +20.5; +1; 223; 00; 3; 1; U; 5EC0
13:41:21; 0128; +20.4; +1; 224; 00; 3; 1; U; F046
13:41:22; 0128; +20.5; +1; 230; 00; 3; 1; U; 40F1
13:41:23; 0128; +20.9; +1; 230; 00; 3; 1; U; E69F
13:41:24; 0127; +20.4; +1; 230; 00; 3; 1; U; 68C3
13:41:25; 0127; +20.7; +1; 231; 00; 3; 1; U; 7A6C
13:41:26; 0126; +20.5; +1; 230; 00; 3; 1; U; EEB7
13:41:27; 0126; +20.4; +1; 230; 00; 3; 1; U; DE72
13:41:28; 0126; +20.3; +1; 231; 00; 3; 1; U; 5069
13:41:29; 0125; +20.1; +1; 231; 00; 3; 1; U; 9F53
13:41:30; 0125; +20.2; +1; 226; 00; 3; 1; U; 9FA7
13:41:31; 0125; +20.3; +1; 224; 00; 3; 1; U; CEE3
13:41:32; 0124; +20.5; +1; 224; 00; 3; 1; U; EFAC
13:41:33; 0124; +20.4; +1; 224; 00; 3; 1; U; DF69
13:41:34; 0124; +20.6; +1; 224; 00; 3; 1; U; 9133
13:41:35; 0123; +20.2; +1; 224; 00; 3; 1; U; F9F5
13:41:36; 0123; +20.6; +1; 224; 00; 3; 1; U; C610
13:41:37; 0123; +20.9; +1; 224; 00; 3; 1; U; 2B81
13:41:38; 0122; +20.9; +1; 225; 00; 3; 1; U; 6731
13:41:39; 0122; +21.0; +1; 231; 00; 3; 1; U; CCF3
13:41:40; 0121; +20.8; +1; 231; 00; 3; 1; U; 718A
13:41:41; 0121; +21.1; +1; 231; 00; 3; 1; U; 891B
13:41:42; 0121; +21.0; +1; 230; 00; 3; 1; U; FA3E
13:41:43; 0120; +20.5; +1; 230; 00; 3; 1; U; C151
13:41:44; 0120; +20.6; +1; 231; 00; 3; 1; U; E69E
13:41:45; 0120; +20.8; +1; 231; 00; 3; 1; U; F25B
13:41:46; 0119; +20.6; +1; 230; 00; 3; 1; U; 69CF
13:41:47; 0119; +20.5; +1; 225; 00; 3; 1; U; 2833
13:41:48; 0119; +20.5; +1; 224; 00; 3; 1; U; C882
13:41:49; 0118; +20.5; +1; 224; 00; 3; 1; U; AD12
13:41:50; 0118; +20.2; +1; 224; 00; 3; 1; U; 2AA0
13:41:51; 0117; +20.7; +1; 224; 00; 3; 1; U; DB36
13:41:52; 0117; +20.2; +1; 224; 00; 3; 1; U; 1D87
13:41:53; 0117; +20.5; +1; 225; 00; 3; 1; U; 2A7D
13:41:54; 0116; +20.3; +1; 224; 00; 3; 1; U; 7DB2
13:41:55; 0116; +20.1; +1; 224; 00; 3; 1; U; 0688
13:41:56; 0116; +20.2; +1; 227; 00; 3; 1; U; A687
13:41:57; 0115; +20.1; +1; 231; 00; 3; 1; U; A23B
13:41:58; 0115; +20.3; +1; 231; 00; 3; 1; U; 60E0
13:41:59; 0115; +20.3; +1; 231; 00; 3; 1; U; A971
13:42:00; 0114; +20.7; +1; 230; 00; 3; 1; U; EED0
13:42:01; 0114; +20.4; +1; 230; 00; 3; 1; U; 6CBE
13:42:02; 0113; +20.0; +1; 231; 00; 3; 1; U; 4798
13:42:03; 0113; +20.0; +1; 231; 00; 3; 1; U; 8E09
13:42:04; 0113; +20.4; +1; 228; 00; 3; 1; U; 913A
13:42:05; 0112; +20.4; +1; 224; 00; 3; 1; U; F1AF
13:42:06; 0112; +20.2; +1; 224; 00; 3; 1; U; 7CE1
13:42:07; 0112; +19.6; +1; 224; 00; 3; 1; U; 8522
13:42:08; 0111; +19.7; +1; 224; 00; 3; 1; U; B806
13:42:09; 0111; +19.7; +1; 224; 00; 3; 1; U; 7197
13:42:10; 0111; +20.3; +1; 224; 00; 3; 1; U; A8DD
13:42:11; 0110; +20.0; +1; 224; 00; 3; 1; U; 86B2
13:42:12; 0110; +21.1; +1; 224; 00; 3; 1; U; E7A8
13:42:13; 0110; +21.1; +1; 228; 00; 3; 1; U; 2B3C
13:42:14; 0109; +20.7; +1; 231; 00; 3; 1; U; 0832
13:42:15; 0109; +20.7; +1; 231; 00; 3; 1; U; C1A3
13:42:16; 0108; +21.0; +1; 231; 00; 3; 1; U; 9B46
13:42:17; 0108; +20.9; +1; 231; 00; 3; 1; U; 63D7
13:42:18; 0108; +20.8; +1; 230; 00; 3; 1; U; 7A32
13:42:19; 0107; +20.8; +1; 231; 00; 3; 1; U; C764
13:42:20; 0107; +20.8; +1; 231; 00; 3; 1; U; 366F
13:42:21; 0107; +20.9; +1; 231; 00; 3; 1; U; 06AA
13:42:22; 0106; +20.7; +1; 231; 00; 3; 1; U; 6D4F
13:42:23; 0106; +20.6; +1; 224; 00; 3; 1; U; 9E18
13:42:24; 0106; +20.8; +1; 224; 00; 3; 1; U; BFBD
13:42:25; 0105; +20.9; +1; 224; 00; 3; 1; U; 3B78
13:42:26; 0105; +20.6; +1; 224; 00; 3; 1; U; 05C8
13:42:27; 0104; +21.2; +1; 224; 00; 3; 1; U; C7F3
13:42:28; 0104; +21.0; +1; 224; 00; 3; 1; U; 0528
13:42:29; 0104; +21.1; +1; 224; 00; 3; 1; U; 35ED
13:42:30; 0103; +20.7; +1; 225; 00; 3; 1; U; DD36
13:42:31; 0103; +20.7; +1; 229; 00; 3; 1; U; 11A2
13:42:32; 0103; +20.9; +1; 231; 00; 3; 1; U; 8010
13:42:33; 0102; +20.9; +1; 231; 00; 3; 1; U; E580
13:42:34; 0102; +20.7; +1; 231; 00; 3; 1; U; C425
13:42:35; 0102; +20.6; +1; 231; 00; 3; 1; U; F4E0
13:42:36; 0101; +20.6; +1; 231; 00; 3; 1; U; 5A50
13:42:37; 0101; +20.9; +1; 231; 00; 3; 1; U; B7C1
13:42:38; 0100; +21.0; +1; 230; 00; 3; 1; U; CA71
13:42:39; 0100; +18.8; +1; 230; 00; 3; 1; S; 5DAD
13:42:40; 0100; +21.5; +1; 230; 00; 3; 1; S; 1F2C
13:42:41; 0100; +20.5; +1; 230; 00; 3; 1; S; 5443
13:42:42; 0100; +20.0; +1; 230; 00; 3; 1; S; 92F2
13:42:43; 0100; +20.0; +1; 224; 00; 3; 1; U; 09D0
13:42:44; 0100; +19.1; +1; 224; 00; 3; 1; U; 1972
13:42:45; 0100; +20.6; +1; 224; 00; 3; 1; U; AB4E
13:42:46; 0099; +21.0; +1; 224; 00; 3; 1; U; 86F6
13:42:47; 0099; +20.6; +1; 224; 00; 3; 1; U; 5A67
13:42:48; 0099; +20.8; +1; 224; 00; 3; 1; U; F743
13:42:49; 0098; +20.7; +1; 226; 00; 3; 1; U; D752
13:42:50; 0098; +20.5; +1; 231; 00; 3; 1; U; 2EF2
13:42:51; 0098; +20.6; +1; 231; 00; 3; 1; U; AC9C
13:42:52; 0097; +20.6; +1; 230; 00; 3; 1; U; C2EB
13:42:53; 0097; +20.7; +1; 230; 00; 3; 1; U; F22E
13:42:54; 0096; +20.6; +1; 231; 00; 3; 1; U; CB4B
13:42:55; 0096; +20.5; +1; 230; 00; 3; 1; U; D9E4
13:42:56; 0096; +20.4; +1; 230; 00; 3; 1; U; 3A00
13:42:57; 0095; +20.4; +1; 231; 00; 3; 1; U; D750
13:42:58; 0095; +20.3; +1; 230; 00; 3; 1; U; 594B
13:42:59; 0095; +20.5; +1; 226; 00; 3; 1; U; 35F6
13:43:00; 0094; +20.5; +1; 224; 00; 3; 1; U; 9C4F
13:43:01; 0094; +20.6; +1; 224; 00; 3; 1; U; 1E21
13:43:02; 0094; +20.6; +1; 224; 00; 3; 1; U; 0491
13:43:03; 0093; +20.5; +1; 224; 00; 3; 1; U; 02FD
13:43:04; 0093; +20.5; +1; 224; 00; 3; 1; U; FE0C
13:43:05; 0092; +20.4; +1; 224; 00; 3; 1; U; 62C8
13:43:06; 0092; +20.5; +1; 224; 00; 3; 1; U; 812C
13:43:07; 0092; +20.1; +1; 224; 00; 3; 1; U; 6DE8
13:43:08; 0091; +20.6; +1; 231; 00; 3; 1; U; 04A0
13:43:09; 0091; +20.5; +1; 231; 00; 3; 1; U; 86CE
13:43:10; 0091; +20.5; +1; 231; 00; 3; 1; U; 6FD6
13:43:11; 0090; +20.6; +1; 231; 00; 3; 1; U; 41B9
13:43:12; 0090; +20.7; +1; 231; 00; 3; 1; U; A25D
13:43:13; 0090; +20.7; +1; 230; 00; 3; 1; U; FB0D
13:43:14; 0089; +20.9; +1; 231; 00; 3; 1; U; 4601
13:43:15; 0089; +20.7; +1; 231; 00; 3; 1; U; 52C4
13:43:16; 0089; +20.3; +1; 230; 00; 3; 1; U; FDE0
13:43:17; 0088; +20.9; +1; 231; 00; 3; 1; U; F0B0
13:43:18; 0088; +20.8; +1; 224; 00; 3; 1; U; BA06
13:43:19; 0087; +20.4; +1; 224; 00; 3; 1; U; F86E
13:43:20; 0087; +20.8; +1; 225; 00; 3; 1; U; F65B
13:43:21; 0087; +21.0; +1; 224; 00; 3; 1; U; 675F
13:43:22; 0086; +20.6; +1; 224; 00; 3; 1; U; C4EE
13:43:23; 0086; +20.8; +1; 224; 00; 3; 1; U; D02B
13:43:24; 0086; +20.9; +1; 224; 00; 3; 1; U; D58E
13:43:25; 0085; +20.9; +1; 224; 00; 3; 1; U; A81F
13:43:26; 0085; +20.6; +1; 224; 00; 3; 1; U; 96AF
13:43:27; 0085; +21.0; +1; 230; 00; 3; 1; U; 196D
13:43:28; 0084; +20.9; +1; 231; 00; 3; 1; U; 64DD
13:43:29; 0084; +20.4; +1; 231; 00; 3; 1; U; 3BE7
13:43:30; 0083; +20.5; +1; 230; 00; 3; 1; U; 3F68
13:43:31; 0083; +20.5; +1; 231; 00; 3; 1; U; 6638
13:43:32; 0083; +20.6; +1; 231; 00; 3; 1; U; 3777
13:43:33; 0082; +20.6; +1; 231; 00; 3; 1; U; 52E7
13:43:34; 0082; +20.5; +1; 230; 00; 3; 1; U; 7528
13:43:35; 0082; +21.0; +1; 228; 00; 3; 1; U; B410
13:43:36; 0081; +20.5; +1; 225; 00; 3; 1; U; D19B
13:43:37; 0081; +20.8; +1; 224; 00; 3; 1; U; 1E60
13:43:38; 0081; +20.9; +1; 224; 00; 3; 1; U; 9744
13:43:39; 0080; +20.7; +1; 224; 00; 3; 1; U; 2F80
13:43:40; 0080; +20.5; +1; 224; 00; 3; 1; U; 5C06
13:43:41; 0079; +20.3; +1; 225; 00; 3; 1; U; 5CC9
13:43:42; 0079; +20.2; +1; 224; 00; 3; 1; U; 2FEC
13:43:43; 0079; +20.4; +1; 224; 00; 3; 1; U; 7183
13:43:44; 0078; +20.5; +1; 226; 00; 3; 1; U; B9A6
13:43:45; 0078; +20.7; +1; 230; 00; 3; 1; U; F04E
13:43:46; 0078; +20.6; +1; 231; 00; 3; 1; U; 836B
13:43:47; 0077; +20.3; +1; 231; 00; 3; 1; U; 72FD
13:43:48; 0077; +20.2; +1; 230; 00; 3; 1; U; 6B18
13:43:49; 0077; +20.4; +1; 230; 00; 3; 1; U; 3577
13:43:50; 0076; +20.2; +1; 231; 00; 3; 1; U; 7751
13:43:51; 0076; +20.5; +1; 230; 00; 3; 1; U; 40AB
13:43:52; 0076; +20.1; +1; 230; 00; 3; 1; U; 7F4E
13:43:53; 0075; +20.6; +1; 230; 00; 3; 1; U; 6C75
13:43:54; 0075; +20.4; +1; 224; 00; 3; 1; U; 717C
13:43:55; 0074; +20.4; +1; 224; 00; 3; 1; U; 14EC
13:43:56; 0074; +19.8; +1; 224; 00; 3; 1; U; 74A4
13:43:57; 0074; +20.3; +1; 224; 00; 3; 1; U; A967
13:43:58; 0073; +20.4; +1; 224; 00; 3; 1; U; 33BF
13:43:59; 0073; +20.4; +1; 224; 00; 3; 1; U; FA2E
13:44:00; 0073; +20.8; +1; 224; 00; 3; 1; U; BFFF
13:44:01; 0072; +20.7; +1; 224; 00; 3; 1; U; FE6F
13:44:02; 0072; +20.8; +1; 223; 00; 3; 1; U; F29D
13:44:03; 0072; +20.2; +1; 226; 00; 3; 1; U; 90CE
13:44:04; 0071; +20.6; +1; 230; 00; 3; 1; U; CFB8
13:44:05; 0071; +20.6; +1; 231; 00; 3; 1; U; 96E8
13:44:06; 0070; +20.3; +1; 231; 00; 3; 1; U; FC58
13:44:07; 0070; +20.3; +1; 230; 00; 3; 1; U; A508
13:44:08; 0070; +20.1; +1; 230; 00; 3; 1; U; 67D3
13:44:09; 0069; +20.2; +1; 230; 00; 3; 1; U; E9D5
13:44:10; 0069; +19.9; +1; 231; 00; 3; 1; U; 845E
13:44:11; 0069; +20.2; +1; 231; 00; 3; 1; U; 599D
13:44:12; 0068; +20.2; +1; 225; 00; 3; 1; U; BC7F
13:44:13; 0068; +20.1; +1; 224; 00; 3; 1; U; AED0
13:44:14; 0068; +19.9; +1; 224; 00; 3; 1; U; 0D8C
13:44:15; 0067; +19.5; +1; 225; 00; 3; 1; U; DF25
13:44:16; 0067; +20.0; +1; 224; 00; 3; 1; U; 9C52
13:44:17; 0066; +20.0; +1; 224; 00; 3; 1; U; F9C2
13:44:18; 0066; +20.2; +1; 225; 00; 3; 1; U; ABD8
13:44:19; 0066; +20.2; +1; 224; 00; 3; 1; U; F288
13:44:20; 0065; +20.0; +1; 225; 00; 3; 1; U; 95E9
13:44:21; 0065; +20.3; +1; 231; 00; 3; 1; U; 44D4
13:44:22; 0065; +20.0; +1; 230; 00; 3; 1; U; 855A
13:44:23; 0064; +19.8; +1; 231; 00; 3; 1; U; 2FA6
13:44:24; 0064; +19.8; +1; 231; 00; 3; 1; U; D357
13:44:25; 0064; +20.0; +1; 231; 00; 3; 1; U; 456B
13:44:26; 0063; +19.8; +1; 230; 00; 3; 1; U; 14B5
13:44:27; 0063; +20.0; +1; 231; 00; 3; 1; U; 1248
13:44:28; 0062; +19.7; +1; 231; 00; 3; 1; U; B594
13:44:29; 0062; +20.1; +1; 231; 00; 3; 1; U; FEFC
13:44:30; 0062; +20.0; +1; 226; 00; 3; 1; U; 4CA3
13:44:31; 0061; +20.0; +1; 224; 00; 3; 1; U; 50B3
13:44:32; 0061; +19.9; +1; 224; 00; 3; 1; U; ECFA
13:44:33; 0061; +19.9; +1; 224; 00; 3; 1; U; 256B
13:44:34; 0060; +20.1; +1; 224; 00; 3; 1; U; 2A36
13:44:35; 0060; +19.9; +1; 224; 00; 3; 1; U; BC0A
13:44:36; 0060; +19.7; +1; 224; 00; 3; 1; U; 7BEE
13:44:37; 0059; +19.7; +1; 224; 00; 3; 1; U; 7ECE
13:44:38; 0059; +19.7; +1; 224; 00; 3; 1; U; 0EBE
13:44:39; 0059; +19.7; +1; 224; 00; 3; 1; U; C72F
13:44:40; 0058; +20.0; +1; 230; 00; 3; 1; U; 82FD
13:44:41; 0058; +19.7; +1; 230; 00; 3; 1; U; 30C1
13:44:42; 0057; +19.5; +1; 231; 00; 3; 1; U; EC1D
13:44:43; 0057; +19.4; +1; 231; 00; 3; 1; U; DCD8
13:44:44; 0057; +19.5; +1; 231; 00; 3; 1; U; D97D
13:44:45; 0056; +19.5; +1; 231; 00; 3; 1; U; BCED
13:44:46; 0056; +19.5; +1; 231; 00; 3; 1; U; A65D
13:44:47; 0056; +19.8; +1; 231; 00; 3; 1; U; F967
13:44:48; 0055; +19.4; +1; 231; 00; 3; 1; U; 52E8
13:44:49; 0055; +19.3; +1; 225; 00; 3; 1; U; A680
13:44:50; 0055; +19.3; +1; 224; 00; 3; 1; U; DF59
13:44:51; 0054; +19.4; +1; 224; 00; 3; 1; U; D463
13:44:52; 0054; +20.0; +1; 225; 00; 3; 1; U; 6E40
13:44:53; 0053; +19.8; +1; 224; 00; 3; 1; U; ECBF
13:44:54; 0053; +19.7; +1; 224; 00; 3; 1; U; 344E
13:44:55; 0053; +19.4; +1; 225; 00; 3; 1; U; 26E1
13:44:56; 0052; +19.6; +1; 224; 00; 3; 1; U; B23A
13:44:57; 0052; +19.5; +1; 225; 00; 3; 1; U; A095
13:44:58; 0052; +19.4; +1; 231; 00; 3; 1; U; 7AE2
13:44:59; 0051; +19.9; +1; 230; 00; 3; 1; U; 0119
13:45:00; 0051; +19.4; +1; 231; 00; 3; 1; U; 634A
13:45:01; 0051; +19.7; +1; 231; 00; 3; 1; U; E124
13:45:02; 0050; +19.6; +1; 231; 00; 3; 1; U; AEC1
13:45:03; 0050; +19.8; +1; 231; 00; 3; 1; U; BA04
13:45:04; 0049; +19.4; +1; 231; 00; 3; 1; U; 2562
13:45:05; 0049; +19.5; +1; 231; 00; 3; 1; U; 15A7
13:45:06; 0049; +19.4; +1; 230; 00; 3; 1; U; 6682
13:45:07; 0048; +19.6; +1; 231; 00; 3; 1; U; 2178
13:45:08; 0048; +19.6; +1; 225; 00; 3; 1; U; 025B
13:45:09; 0048; +19.4; +1; 224; 00; 3; 1; U; E9A0
13:45:10; 0047; +19.2; +1; 224; 00; 3; 1; U; 7340
13:45:11; 0047; +19.5; +1; 224; 00; 3; 1; U; D47B
13:45:12; 0047; +19.5; +1; 224; 00; 3; 1; U; CECB
13:45:13; 0046; +19.5; +1; 224; 00; 3; 1; U; AB5B
13:45:14; 0046; +19.8; +1; 224; 00; 3; 1; U; C101
13:45:15; 0046; +19.3; +1; 225; 00; 3; 1; U; 9904
13:45:16; 0045; +19.3; +1; 230; 00; 3; 1; U; F426
13:45:17; 0045; +19.4; +1; 230; 00; 3; 1; U; 531D
13:45:18; 0044; +19.6; +1; 231; 00; 3; 1; U; AD06
13:45:19; 0044; +19.2; +1; 231; 00; 3; 1; U; 41C2
13:45:20; 0044; +19.3; +1; 231; 00; 3; 1; U; 499D
13:45:21; 0043; +19.3; +1; 231; 00; 3; 1; U; 040E
13:45:22; 0043; +19.1; +1; 231; 00; 3; 1; U; AC15
13:45:23; 0043; +19.4; +1; 227; 00; 3; 1; U; 8B57
13:45:24; 0042; +19.3; +1; 224; 00; 3; 1; U; 444D
13:45:25; 0042; +19.3; +1; 225; 00; 3; 1; U; 1D1D
13:45:26; 0042; +19.3; +1; 224; 00; 3; 1; U; 976C
13:45:27; 0041; +19.1; +1; 224; 00; 3; 1; U; 5856
13:45:28; 0041; +19.5; +1; 224; 00; 3; 1; U; 0D73
13:45:29; 0040; +19.5; +1; 224; 00; 3; 1; U; 68E3
13:45:30; 0040; +19.6; +1; 224; 00; 3; 1; U; CA04
13:45:31; 0040; +19.7; +1; 224; 00; 3; 1; U; FAC1
13:45:32; 0039; +19.4; +1; 231; 00; 3; 1; U; 651C
13:45:33; 0039; +19.3; +1; 230; 00; 3; 1; U; 52E6
13:45:34; 0039; +19.2; +1; 231; 00; 3; 1; U; C782
13:45:35; 0038; +19.2; +1; 231; 00; 3; 1; U; A212
13:45:36; 0038; +19.2; +1; 231; 00; 3; 1; U; B8A2
13:45:37; 0038; +19.1; +1; 230; 00; 3; 1; U; AA0D
13:45:38; 0037; +19.1; +1; 231; 00; 3; 1; U; AEBA
13:45:39; 0037; +18.9; +1; 231; 00; 3; 1; U; AF7F
13:45:40; 0036; +18.6; +1; 231; 00; 3; 1; U; E653
13:45:41; 0036; +18.4; +1; 224; 00; 3; 1; U; 5EFB
13:45:42; 0036; +18.7; +1; 224; 00; 3; 1; U; 0FB4
13:45:43; 0035; +18.9; +1; 224; 00; 3; 1; U; AF71
13:45:44; 0035; +18.5; +1; 224; 00; 3; 1; U; 3C7F
13:45:45; 0035; +18.7; +1; 224; 00; 3; 1; U; 4745
13:45:46; 0034; +18.5; +1; 225; 00; 3; 1; U; D39E
13:45:47; 0034; +18.5; +1; 224; 00; 3; 1; U; 8ACE
13:45:48; 0034; +18.5; +1; 224; 00; 3; 1; U; FABE
13:45:49; 0033; +18.5; +1; 225; 00; 3; 1; U; 27EC
13:45:50; 0033; +18.5; +1; 226; 00; 3; 1; U; 3FB4
13:45:51; 0033; +18.2; +1; 231; 00; 3; 1; U; 3A9C
13:45:52; 0032; +18.2; +1; 231; 00; 3; 1; U; 8C2D
13:45:53; 0032; +18.5; +1; 230; 00; 3; 1; U; BBD7
13:45:54; 0031; +18.6; +1; 231; 00; 3; 1; U; 2818
13:45:55; 0031; +18.5; +1; 231; 00; 3; 1; U; AA76
13:45:56; 0031; +18.7; +1; 231; 00; 3; 1; U; 026D
13:45:57; 0030; +18.5; +1; 231; 00; 3; 1; U; D556
13:45:58; 0030; +18.2; +1; 231; 00; 3; 1; U; CB8C
13:45:59; 0030; +18.4; +1; 229; 00; 3; 1; U; C3B5
13:46:00; 0029; +18.4; +1; 225; 00; 3; 1; U; 94EC
13:46:01; 0029; +18.2; +1; 224; 00; 3; 1; U; 5A42
13:46:02; 0029; +18.4; +1; 224; 00; 3; 1; U; D70C
13:46:03; 0028; +18.4; +1; 225; 00; 3; 1; U; 225D
13:46:04; 0028; +18.2; +1; 225; 00; 3; 1; U; 4952
13:46:05; 0027; +18.3; +1; 224; 00; 3; 1; U; 0D50
13:46:06; 0027; +18.3; +1; 225; 00; 3; 1; U; 8721
13:46:07; 0027; +18.4; +1; 224; 00; 3; 1; U; B0DB
13:46:08; 0026; +18.5; +1; 224; 00; 3; 1; U; 95FE
13:46:09; 0026; +18.5; +1; 230; 00; 3; 1; U; 0F3C
13:46:10; 0026; +18.7; +1; 230; 00; 3; 1; U; 548F
13:46:11; 0025; +18.5; +1; 230; 00; 3; 1; U; 9BB5
13:46:12; 0025; +18.8; +1; 231; 00; 3; 1; U; 876F
13:46:13; 0025; +19.0; +1; 231; 00; 3; 1; U; 86AA
13:46:14; 0024; +18.5; +1; 231; 00; 3; 1; U; 88A5
13:46:15; 0024; +18.5; +1; 231; 00; 3; 1; U; 4134
13:46:16; 0023; +18.5; +1; 230; 00; 3; 1; U; 4F47
13:46:17; 0023; +18.7; +1; 224; 00; 3; 1; U; 672E
13:46:18; 0023; +18.6; +1; 224; 00; 3; 1; U; EE0A
13:46:19; 0022; +18.3; +1; 225; 00; 3; 1; U; C75A
13:46:20; 0022; +18.6; +1; 224; 00; 3; 1; U; 7A91
13:46:21; 0022; +18.8; +1; 224; 00; 3; 1; U; 6E54
13:46:22; 0021; +18.8; +1; 225; 00; 3; 1; U; 5025
13:46:23; 0021; +18.9; +1; 224; 00; 3; 1; U; F021
13:46:24; 0021; +18.6; +1; 224; 00; 3; 1; U; 28D0
13:46:25; 0020; +18.9; +1; 230; 00; 3; 1; U; 3A13
13:46:25; 0020; +18.8; +1; 230; 00; 3; 1; U; C347
13:46:27; 0019; +18.5; +1; 231; 00; 3; 1; U; DABD
13:46:28; 0019; +18.6; +1; 231; 00; 3; 1; U; E132
13:46:28; 0019; +18.6; +1; 231; 00; 3; 1; U; E132
13:46:30; 0018; +18.9; +1; 230; 00; 3; 1; U; D97B
13:46:30; 0018; +18.8; +1; 230; 00; 3; 1; U; 202F
13:46:31; 0018; +18.7; +1; 231; 00; 3; 1; U; 5D7F
13:46:32; 0017; +18.7; +1; 224; 00; 3; 1; U; 605B
13:46:33; 0017; +18.6; +1; 224; 00; 3; 1; U; 509E
13:46:34; 0017; +18.6; +1; 225; 00; 3; 1; U; 3CAE
13:46:35; 0016; +18.3; +1; 224; 00; 3; 1; U; 15FE
13:46:36; 0016; +18.6; +1; 224; 00; 3; 1; U; D34F
13:46:37; 0016; +18.5; +1; 224; 00; 3; 1; U; 5121
13:46:38; 0015; +18.9; +1; 224; 00; 3; 1; U; FAAE
13:46:39; 0015; +19.1; +1; 224; 00; 3; 1; U; FB6B
13:46:40; 0014; +18.7; +1; 228; 00; 3; 1; U; 8642
13:46:41; 0014; +18.4; +1; 231; 00; 3; 1; U; C2BB
13:46:42; 0014; +18.5; +1; 231; 00; 3; 1; U; 215F
13:46:43; 0013; +18.6; +1; 231; 00; 3; 1; U; 2733
13:46:44; 0013; +18.3; +1; 230; 00; 3; 1; U; 9702
13:46:45; 0013; +18.6; +1; 231; 00; 3; 1; U; 1253
13:46:46; 0012; +18.4; +1; 231; 00; 3; 1; U; 1649
13:46:47; 0012; +18.6; +1; 231; 00; 3; 1; U; 6D73
13:46:48; 0012; +18.6; +1; 230; 00; 3; 1; U; 8DC2
13:46:49; 0011; +18.8; +1; 227; 00; 3; 1; U; 8F14
13:46:50; 0011; +18.8; +1; 224; 00; 3; 1; U; 974C
13:46:51; 0010; +18.8; +1; 224; 00; 3; 1; U; F2DC
13:46:52; 0010; +18.5; +1; 225; 00; 3; 1; U; EE06
13:46:53; 0010; +19.0; +1; 224; 00; 3; 1; U; E9A9
13:46:54; 0009; +18.6; +1; 224; 00; 3; 1; U; 0C30
13:46:55; 0009; +18.9; +1; 224; 00; 3; 1; U; E1A1
13:46:56; 0009; +18.9; +1; 224; 00; 3; 1; U; FB11
13:46:57; 0008; +18.5; +1; 224; 00; 3; 1; U; F17E
13:46:58; 0008; +18.2; +1; 230; 00; 3; 1; U; BCF7
13:46:59; 0008; +18.4; +1; 231; 00; 3; 1; U; 7259
13:47:00; 0007; +18.7; +1; 231; 00; 3; 1; U; B999
13:47:01; 0007; +18.0; +1; 230; 00; 3; 1; U; 8E63
13:47:02; 0006; +18.3; +1; 231; 00; 3; 1; U; E3EC
13:47:03; 0006; +17.9; +1; 231; 00; 3; 1; U; C97C
13:47:04; 0006; +18.2; +1; 232; 00; 3; 1; U; DE98
13:47:05; 0005; +18.2; +1; 231; 00; 3; 1; U; 5249
13:47:06; 0005; +17.9; +1; 230; 00; 3; 1; U; C26D
13:47:07; 0005; +18.1; +1; 224; 10; 3; 1; U; 8807
13:47:08; 0004; +18.1; +1; 224; 00; 3; 1; U; D574
13:47:09; 0004; +17.5; +1; 224; 00; 3; 1; U; 22B0
13:47:10; 0004; +18.1; +1; 225; 00; 3; 1; U; 653C
13:47:11; 0004; +18.1; +1; 224; 00; 3; 1; U; 3C6C
13:47:12; 0004; +18.0; +1; 225; 00; 3; 1; U; 4F49
13:47:13; 0004; +18.1; +1; 225; 00; 3; 1; U; 7F8C
13:47:14; 0004; +18.2; +1; 225; 00; 3; 1; U; C882
13:47:15; 0003; +18.4; +1; 226; 00; 3; 1; U; E3AF
13:47:16; 0003; +18.3; +1; 231; 00; 3; 1; U; 35A6
13:47:17; 0003; +19.0; +1; 231; 00; 3; 1; U; 3536
13:47:18; 0003; +19.0; +1; 231; 00; 3; 1; U; 4546
13:47:19; 0003; +18.9; +1; 231; 00; 3; 1; U; BDD7
13:47:20; 0003; +19.0; +1; 231; 00; 3; 1; U; 7DDC
13:47:21; 0003; +19.2; +1; 232; 00; 3; 1; U; F7A6
13:47:22; 0003; +19.3; +1; 231; 00; 3; 1; U; E502
13:47:23; 0003; +19.5; +1; 231; 00; 3; 1; U; BB6D
13:47:24; 0003; +19.5; +1; 232; 00; 3; 1; U; B6DC
13:47:25; 0002; +19.3; +1; 226; 00; 3; 1; U; 17E1
13:47:26; 0002; +19.6; +1; 225; 00; 3; 1; U; 2010
13:47:27; 0002; +19.5; +1; 225; 00; 3; 1; U; A27E
13:47:28; 0002; +19.7; +1; 224; 00; 3; 1; U; F064
13:47:29; 0002; +20.1; +1; 225; 00; 3; 1; U; 2BCD
13:47:30; 0002; +19.5; +1; 225; 00; 3; 1; U; F287
13:47:31; 0002; +19.5; +1; 224; 00; 3; 1; U; ABD7
13:47:32; 0002; +19.5; +1; 225; 00; 3; 1; U; 21A6
13:47:33; 0002; +19.5; +1; 225; 00; 3; 1; U; E837
13:47:34; 0002; +19.8; +1; 225; 00; 3; 1; U; 826D
13:47:35; 0001; +20.1; +1; 231; 00; 3; 1; U; 0A56
13:47:36; 0001; +20.0; +1; 231; 00; 3; 1; U; E9B2
13:47:37; 0001; +20.0; +1; 232; 00; 3; 1; U; D163
13:47:38; 0001; +19.8; +1; 231; 00; 3; 1; U; 0FFE
13:47:39; 0001; +19.8; +1; 231; 00; 3; 1; U; C66F
13:47:40; 0001; +20.0; +1; 231; 00; 3; 1; U; 58EF
13:47:41; 0001; +19.6; +1; 232; 00; 3; 1; U; E2C7
13:47:42; 0001; +19.7; +1; 231; 00; 3; 1; U; F063
13:47:43; 0000; +19.3; +1; 231; 00; 3; 1; S; B146
13:47:44; 0000; +19.3; +1; 227; 00; 3; 1; S; 7F65
13:47:45; 0000; +19.1; +1; 225; 00; 3; 1; S; 65DE
13:47:46; 0000; +19.1; +1; 225; 00; 3; 1; S; 7F6E
13:47:47; 0000; +19.0; +1; 224; 00; 3; 0; S; 0E6B
13:47:48; 0000; +19.1; +1; 224; 00; 3; 0; S; 874F
13:47:49; 0000; +19.2; +1; 224; 00; 3; 0; S; 0521
13:47:50; 0000; +19.0; +1; 225; 00; 3; 0; S; CE53
13:47:51; 0000; +19.0; +1; 224; 00; 3; 0; S; 9703
13:47:52; 0000; +19.0; +1; 231; 00; 3; 0; S; 4E21
13:47:53; 0000; +19.0; +1; 231; 00; 3; 0; S; 87B0
13:47:54; 0000; +19.0; +1; 230; 100; 3; 0; S; 734C
13:47:55; 0000; +19.0; +1; 231; 00; 3; 0; S; B2D0
13:47:56; 0000; +19.0; +1; 231; 00; 3; 0; S; A860
13:47:57; 0000; +18.9; +1; 230; 00; 3; 0; S; C030
13:47:58; 0000; +18.9; +1; 231; 00; 3; 0; S; 2081
13:47:59; 0000; +18.8; +1; 231; 00; 3; 0; S; 1044
13:48:01; 0000; +18.9; +1; 231; 00; 3; 0; S; E29B
13:48:02; 0000; +19.0; 0; 231; 00; 3; 0; S; EBAD
13:48:02; 0000; +18.9; +1; 225; 00; 3; 0; S; AB78
13:48:03; 0000; +18.9; +1; 225; 00; 3; 0; S; 62E9
13:48:41; 0000; +18.5; +1; 225; 00; 3; 0; S; 00000200; CE93
13:48:42; 0000; +18.8; +1; 225; 00; 3; 0; S; 00000200; 78D7
13:48:42; 0000; +18.6; +1; 223; 00; 3; 0; S; 00000200; 3946
13:49:01; 0000; +18.4; +1; 224; 00; 3; 0; S; 00000200; 082E
13:49:02; 0000; +18.5; +1; 224; 00; 3; 0; S; 00000200; BFB6
13:49:02; 0000; +18.4; +1; 224; 00; 3; 0; S; 00000200; 7F9A
13:49:03; 0000; +18.4; +1; 224; 00; 3; 0; S; 00000200; 92F7
13:49:04; 0000; +18.2; +1; 225; 00; 3; 0; S; 00000200; 6FE4
13:49:05; 0000; +18.0; +1; 226; 00; 3; 0; S; 00000200; 02D9
13:49:11; 0000; +16.9; +1; 230; 00; 3; 0; S; 00000200; F94B
13:49:11; 0000; +18.1; +1; 231; 00; 3; 0; S; 00000200; A778
13:49:12; 0000; +18.0; +1; 231; 00; 3; 0; S; 00000200; 10E0
13:49:13; 0000; +18.0; +1; 231; 00; 3; 0; S; 00000200; FD8D
13:49:17; 0000; +18.0; +1; 230; 00; 3; 0; S; 00000200; 77C4
13:49:17; 0000; +18.0; +1; 224; 00; 3; 0; S; 00000200; CADF
13:49:18; 0000; +18.1; +1; 224; 00; 3; 0; S; 00000200; E394
13:49:20; 0000; +18.1; +1; 224; 00; 3; 0; S; 00000200; 7F81
13:49:21; 0000; +18.0; +1; 224; 00; 3; 0; S; 00000200; 52C0
13:49:21; 0000; +18.1; +1; 224; 100; 3; 0; S; 00000200; ED01
13:49:26; 0000; +18.0; +1; 225; 00; 3; 0; S; 00000200; AF3D
13:49:26; 0000; +17.9; +1; 230; 00; 3; 0; S; 00000200; 1C25
13:49:27; 0000; +18.0; +1; 231; 00; 3; 0; S; 00000200; FF4B
13:49:28; 0000; +18.0; +1; 231; 100; 3; 0; S; 00000200; BD85
13:49:29; 0000; +18.0; +1; 230; 00; 3; 0; S; 00000200; 04B9
13:49:33; 0000; +18.0; +1; 231; 00; 3; 0; S; 00000200; 67D6
13:49:33; 0000; +18.0; +1; 231; 00; 3; 0; S; 00000200; 67D6
13:49:34; 0000; +18.0; +1; 224; 00; 3; 0; S; 00000200; 2730
13:49:35; 0000; +18.0; +1; 224; 00; 3; 0; S; 00000200; CA5D
